Already up to date.
rm -f ../../src/miniz/miniz.o ./libretro.o ../../src/GearcolecoCore.o ../../src/Memory.o ../../src/Processor.o ../../src/Video.o ../../src/Audio.o ../../src/AY8910.o ../../src/Input.o ../../src/Cartridge.o ../../src/ColecoVisionIOPorts.o ../../src/opcodes.o ../../src/opcodes_cb.o ../../src/opcodes_ed.o ../../src/audio/Blip_Buffer.o ../../src/audio/Effects_Buffer.o ../../src/audio/Sms_Apu.o ../../src/audio/Multi_Buffer.o gearcoleco_libretro.so
/home/runner/ejs-runner/_work/build/build/emsdk/upstream/emscripten/emcc -O3 -DNDEBUG -DEMULATOR_BUILD=\"c25f2e7\" -DGEARCOLECO_DISABLE_DISASSEMBLER -Wall -D__LIBRETRO__ -I. -fPIC -std=c99 -c -o ../../src/miniz/miniz.o ../../src/miniz/miniz.c
/home/runner/ejs-runner/_work/build/build/emsdk/upstream/emscripten/em++ -O3 -DNDEBUG -DEMULATOR_BUILD=\"c25f2e7\" -DGEARCOLECO_DISABLE_DISASSEMBLER -Wall -D__LIBRETRO__ -I. -fPIC -std=c++11 -c -o libretro.o libretro.cpp
/home/runner/ejs-runner/_work/build/build/emsdk/upstream/emscripten/em++ -O3 -DNDEBUG -DEMULATOR_BUILD=\"c25f2e7\" -DGEARCOLECO_DISABLE_DISASSEMBLER -Wall -D__LIBRETRO__ -I. -fPIC -std=c++11 -c -o ../../src/GearcolecoCore.o ../../src/GearcolecoCore.cpp
/home/runner/ejs-runner/_work/build/build/emsdk/upstream/emscripten/em++ -O3 -DNDEBUG -DEMULATOR_BUILD=\"c25f2e7\" -DGEARCOLECO_DISABLE_DISASSEMBLER -Wall -D__LIBRETRO__ -I. -fPIC -std=c++11 -c -o ../../src/Memory.o ../../src/Memory.cpp
/home/runner/ejs-runner/_work/build/build/emsdk/upstream/emscripten/em++ -O3 -DNDEBUG -DEMULATOR_BUILD=\"c25f2e7\" -DGEARCOLECO_DISABLE_DISASSEMBLER -Wall -D__LIBRETRO__ -I. -fPIC -std=c++11 -c -o ../../src/Processor.o ../../src/Processor.cpp
/home/runner/ejs-runner/_work/build/build/emsdk/upstream/emscripten/em++ -O3 -DNDEBUG -DEMULATOR_BUILD=\"c25f2e7\" -DGEARCOLECO_DISABLE_DISASSEMBLER -Wall -D__LIBRETRO__ -I. -fPIC -std=c++11 -c -o ../../src/Video.o ../../src/Video.cpp
/home/runner/ejs-runner/_work/build/build/emsdk/upstream/emscripten/em++ -O3 -DNDEBUG -DEMULATOR_BUILD=\"c25f2e7\" -DGEARCOLECO_DISABLE_DISASSEMBLER -Wall -D__LIBRETRO__ -I. -fPIC -std=c++11 -c -o ../../src/Audio.o ../../src/Audio.cpp
/home/runner/ejs-runner/_work/build/build/emsdk/upstream/emscripten/em++ -O3 -DNDEBUG -DEMULATOR_BUILD=\"c25f2e7\" -DGEARCOLECO_DISABLE_DISASSEMBLER -Wall -D__LIBRETRO__ -I. -fPIC -std=c++11 -c -o ../../src/AY8910.o ../../src/AY8910.cpp
/home/runner/ejs-runner/_work/build/build/emsdk/upstream/emscripten/em++ -O3 -DNDEBUG -DEMULATOR_BUILD=\"c25f2e7\" -DGEARCOLECO_DISABLE_DISASSEMBLER -Wall -D__LIBRETRO__ -I. -fPIC -std=c++11 -c -o ../../src/Input.o ../../src/Input.cpp
/home/runner/ejs-runner/_work/build/build/emsdk/upstream/emscripten/em++ -O3 -DNDEBUG -DEMULATOR_BUILD=\"c25f2e7\" -DGEARCOLECO_DISABLE_DISASSEMBLER -Wall -D__LIBRETRO__ -I. -fPIC -std=c++11 -c -o ../../src/Cartridge.o ../../src/Cartridge.cpp
/home/runner/ejs-runner/_work/build/build/emsdk/upstream/emscripten/em++ -O3 -DNDEBUG -DEMULATOR_BUILD=\"c25f2e7\" -DGEARCOLECO_DISABLE_DISASSEMBLER -Wall -D__LIBRETRO__ -I. -fPIC -std=c++11 -c -o ../../src/ColecoVisionIOPorts.o ../../src/ColecoVisionIOPorts.cpp
/home/runner/ejs-runner/_work/build/build/emsdk/upstream/emscripten/em++ -O3 -DNDEBUG -DEMULATOR_BUILD=\"c25f2e7\" -DGEARCOLECO_DISABLE_DISASSEMBLER -Wall -D__LIBRETRO__ -I. -fPIC -std=c++11 -c -o ../../src/opcodes.o ../../src/opcodes.cpp
/home/runner/ejs-runner/_work/build/build/emsdk/upstream/emscripten/em++ -O3 -DNDEBUG -DEMULATOR_BUILD=\"c25f2e7\" -DGEARCOLECO_DISABLE_DISASSEMBLER -Wall -D__LIBRETRO__ -I. -fPIC -std=c++11 -c -o ../../src/opcodes_cb.o ../../src/opcodes_cb.cpp
/home/runner/ejs-runner/_work/build/build/emsdk/upstream/emscripten/em++ -O3 -DNDEBUG -DEMULATOR_BUILD=\"c25f2e7\" -DGEARCOLECO_DISABLE_DISASSEMBLER -Wall -D__LIBRETRO__ -I. -fPIC -std=c++11 -c -o ../../src/opcodes_ed.o ../../src/opcodes_ed.cpp
/home/runner/ejs-runner/_work/build/build/emsdk/upstream/emscripten/em++ -O3 -DNDEBUG -DEMULATOR_BUILD=\"c25f2e7\" -DGEARCOLECO_DISABLE_DISASSEMBLER -Wall -D__LIBRETRO__ -I. -fPIC -std=c++11 -c -o ../../src/audio/Blip_Buffer.o ../../src/audio/Blip_Buffer.cpp
/home/runner/ejs-runner/_work/build/build/emsdk/upstream/emscripten/em++ -O3 -DNDEBUG -DEMULATOR_BUILD=\"c25f2e7\" -DGEARCOLECO_DISABLE_DISASSEMBLER -Wall -D__LIBRETRO__ -I. -fPIC -std=c++11 -c -o ../../src/audio/Effects_Buffer.o ../../src/audio/Effects_Buffer.cpp
/home/runner/ejs-runner/_work/build/build/emsdk/upstream/emscripten/em++ -O3 -DNDEBUG -DEMULATOR_BUILD=\"c25f2e7\" -DGEARCOLECO_DISABLE_DISASSEMBLER -Wall -D__LIBRETRO__ -I. -fPIC -std=c++11 -c -o ../../src/audio/Sms_Apu.o ../../src/audio/Sms_Apu.cpp
/home/runner/ejs-runner/_work/build/build/emsdk/upstream/emscripten/em++ -O3 -DNDEBUG -DEMULATOR_BUILD=\"c25f2e7\" -DGEARCOLECO_DISABLE_DISASSEMBLER -Wall -D__LIBRETRO__ -I. -fPIC -std=c++11 -c -o ../../src/audio/Multi_Buffer.o ../../src/audio/Multi_Buffer.cpp
/home/runner/ejs-runner/_work/build/build/emsdk/upstream/emscripten/emar rcs gearcoleco_libretro_emscripten.bc ../../src/miniz/miniz.o ./libretro.o ../../src/GearcolecoCore.o ../../src/Memory.o ../../src/Processor.o ../../src/Video.o ../../src/Audio.o ../../src/AY8910.o ../../src/Input.o ../../src/Cartridge.o ../../src/ColecoVisionIOPorts.o ../../src/opcodes.o ../../src/opcodes_cb.o ../../src/opcodes_ed.o ../../src/audio/Blip_Buffer.o ../../src/audio/Effects_Buffer.o ../../src/audio/Sms_Apu.o ../../src/audio/Multi_Buffer.o
Build complete: gearcoleco Release - c25f2e7 - emscripten
rm -f ../../src/miniz/miniz.o ./libretro.o ../../src/GearcolecoCore.o ../../src/Memory.o ../../src/Processor.o ../../src/Video.o ../../src/Audio.o ../../src/AY8910.o ../../src/Input.o ../../src/Cartridge.o ../../src/ColecoVisionIOPorts.o ../../src/opcodes.o ../../src/opcodes_cb.o ../../src/opcodes_ed.o ../../src/audio/Blip_Buffer.o ../../src/audio/Effects_Buffer.o ../../src/audio/Sms_Apu.o ../../src/audio/Multi_Buffer.o gearcoleco_libretro.so
/home/runner/ejs-runner/_work/build/build/emsdk/upstream/emscripten/emcc -O3 -DNDEBUG -DEMULATOR_BUILD=\"c25f2e7\" -DGEARCOLECO_DISABLE_DISASSEMBLER -Wall -D__LIBRETRO__ -I. -fPIC -std=c99 -c -o ../../src/miniz/miniz.o ../../src/miniz/miniz.c
/home/runner/ejs-runner/_work/build/build/emsdk/upstream/emscripten/em++ -O3 -DNDEBUG -DEMULATOR_BUILD=\"c25f2e7\" -DGEARCOLECO_DISABLE_DISASSEMBLER -Wall -D__LIBRETRO__ -I. -fPIC -std=c++11 -c -o libretro.o libretro.cpp
/home/runner/ejs-runner/_work/build/build/emsdk/upstream/emscripten/em++ -O3 -DNDEBUG -DEMULATOR_BUILD=\"c25f2e7\" -DGEARCOLECO_DISABLE_DISASSEMBLER -Wall -D__LIBRETRO__ -I. -fPIC -std=c++11 -c -o ../../src/GearcolecoCore.o ../../src/GearcolecoCore.cpp
/home/runner/ejs-runner/_work/build/build/emsdk/upstream/emscripten/em++ -O3 -DNDEBUG -DEMULATOR_BUILD=\"c25f2e7\" -DGEARCOLECO_DISABLE_DISASSEMBLER -Wall -D__LIBRETRO__ -I. -fPIC -std=c++11 -c -o ../../src/Memory.o ../../src/Memory.cpp
/home/runner/ejs-runner/_work/build/build/emsdk/upstream/emscripten/em++ -O3 -DNDEBUG -DEMULATOR_BUILD=\"c25f2e7\" -DGEARCOLECO_DISABLE_DISASSEMBLER -Wall -D__LIBRETRO__ -I. -fPIC -std=c++11 -c -o ../../src/Processor.o ../../src/Processor.cpp
/home/runner/ejs-runner/_work/build/build/emsdk/upstream/emscripten/em++ -O3 -DNDEBUG -DEMULATOR_BUILD=\"c25f2e7\" -DGEARCOLECO_DISABLE_DISASSEMBLER -Wall -D__LIBRETRO__ -I. -fPIC -std=c++11 -c -o ../../src/Video.o ../../src/Video.cpp
/home/runner/ejs-runner/_work/build/build/emsdk/upstream/emscripten/em++ -O3 -DNDEBUG -DEMULATOR_BUILD=\"c25f2e7\" -DGEARCOLECO_DISABLE_DISASSEMBLER -Wall -D__LIBRETRO__ -I. -fPIC -std=c++11 -c -o ../../src/Audio.o ../../src/Audio.cpp
/home/runner/ejs-runner/_work/build/build/emsdk/upstream/emscripten/em++ -O3 -DNDEBUG -DEMULATOR_BUILD=\"c25f2e7\" -DGEARCOLECO_DISABLE_DISASSEMBLER -Wall -D__LIBRETRO__ -I. -fPIC -std=c++11 -c -o ../../src/AY8910.o ../../src/AY8910.cpp
/home/runner/ejs-runner/_work/build/build/emsdk/upstream/emscripten/em++ -O3 -DNDEBUG -DEMULATOR_BUILD=\"c25f2e7\" -DGEARCOLECO_DISABLE_DISASSEMBLER -Wall -D__LIBRETRO__ -I. -fPIC -std=c++11 -c -o ../../src/Input.o ../../src/Input.cpp
/home/runner/ejs-runner/_work/build/build/emsdk/upstream/emscripten/em++ -O3 -DNDEBUG -DEMULATOR_BUILD=\"c25f2e7\" -DGEARCOLECO_DISABLE_DISASSEMBLER -Wall -D__LIBRETRO__ -I. -fPIC -std=c++11 -c -o ../../src/Cartridge.o ../../src/Cartridge.cpp
/home/runner/ejs-runner/_work/build/build/emsdk/upstream/emscripten/em++ -O3 -DNDEBUG -DEMULATOR_BUILD=\"c25f2e7\" -DGEARCOLECO_DISABLE_DISASSEMBLER -Wall -D__LIBRETRO__ -I. -fPIC -std=c++11 -c -o ../../src/ColecoVisionIOPorts.o ../../src/ColecoVisionIOPorts.cpp
/home/runner/ejs-runner/_work/build/build/emsdk/upstream/emscripten/em++ -O3 -DNDEBUG -DEMULATOR_BUILD=\"c25f2e7\" -DGEARCOLECO_DISABLE_DISASSEMBLER -Wall -D__LIBRETRO__ -I. -fPIC -std=c++11 -c -o ../../src/opcodes.o ../../src/opcodes.cpp
/home/runner/ejs-runner/_work/build/build/emsdk/upstream/emscripten/em++ -O3 -DNDEBUG -DEMULATOR_BUILD=\"c25f2e7\" -DGEARCOLECO_DISABLE_DISASSEMBLER -Wall -D__LIBRETRO__ -I. -fPIC -std=c++11 -c -o ../../src/opcodes_cb.o ../../src/opcodes_cb.cpp
/home/runner/ejs-runner/_work/build/build/emsdk/upstream/emscripten/em++ -O3 -DNDEBUG -DEMULATOR_BUILD=\"c25f2e7\" -DGEARCOLECO_DISABLE_DISASSEMBLER -Wall -D__LIBRETRO__ -I. -fPIC -std=c++11 -c -o ../../src/opcodes_ed.o ../../src/opcodes_ed.cpp
/home/runner/ejs-runner/_work/build/build/emsdk/upstream/emscripten/em++ -O3 -DNDEBUG -DEMULATOR_BUILD=\"c25f2e7\" -DGEARCOLECO_DISABLE_DISASSEMBLER -Wall -D__LIBRETRO__ -I. -fPIC -std=c++11 -c -o ../../src/audio/Blip_Buffer.o ../../src/audio/Blip_Buffer.cpp
/home/runner/ejs-runner/_work/build/build/emsdk/upstream/emscripten/em++ -O3 -DNDEBUG -DEMULATOR_BUILD=\"c25f2e7\" -DGEARCOLECO_DISABLE_DISASSEMBLER -Wall -D__LIBRETRO__ -I. -fPIC -std=c++11 -c -o ../../src/audio/Effects_Buffer.o ../../src/audio/Effects_Buffer.cpp
/home/runner/ejs-runner/_work/build/build/emsdk/upstream/emscripten/em++ -O3 -DNDEBUG -DEMULATOR_BUILD=\"c25f2e7\" -DGEARCOLECO_DISABLE_DISASSEMBLER -Wall -D__LIBRETRO__ -I. -fPIC -std=c++11 -c -o ../../src/audio/Sms_Apu.o ../../src/audio/Sms_Apu.cpp
/home/runner/ejs-runner/_work/build/build/emsdk/upstream/emscripten/em++ -O3 -DNDEBUG -DEMULATOR_BUILD=\"c25f2e7\" -DGEARCOLECO_DISABLE_DISASSEMBLER -Wall -D__LIBRETRO__ -I. -fPIC -std=c++11 -c -o ../../src/audio/Multi_Buffer.o ../../src/audio/Multi_Buffer.cpp
/home/runner/ejs-runner/_work/build/build/emsdk/upstream/emscripten/emar rcs gearcoleco_libretro_emscripten.bc ../../src/miniz/miniz.o ./libretro.o ../../src/GearcolecoCore.o ../../src/Memory.o ../../src/Processor.o ../../src/Video.o ../../src/Audio.o ../../src/AY8910.o ../../src/Input.o ../../src/Cartridge.o ../../src/ColecoVisionIOPorts.o ../../src/opcodes.o ../../src/opcodes_cb.o ../../src/opcodes_ed.o ../../src/audio/Blip_Buffer.o ../../src/audio/Effects_Buffer.o ../../src/audio/Sms_Apu.o ../../src/audio/Multi_Buffer.o
Build complete: gearcoleco Release - c25f2e7 - emscripten
rm -f ../../src/miniz/miniz.o ./libretro.o ../../src/GearcolecoCore.o ../../src/Memory.o ../../src/Processor.o ../../src/Video.o ../../src/Audio.o ../../src/AY8910.o ../../src/Input.o ../../src/Cartridge.o ../../src/ColecoVisionIOPorts.o ../../src/opcodes.o ../../src/opcodes_cb.o ../../src/opcodes_ed.o ../../src/audio/Blip_Buffer.o ../../src/audio/Effects_Buffer.o ../../src/audio/Sms_Apu.o ../../src/audio/Multi_Buffer.o gearcoleco_libretro.so
/home/runner/ejs-runner/_work/build/build/emsdk/upstream/emscripten/emcc -pthread -O3 -DNDEBUG -DEMULATOR_BUILD=\"c25f2e7\" -DGEARCOLECO_DISABLE_DISASSEMBLER -Wall -D__LIBRETRO__ -I. -fPIC -std=c99 -c -o ../../src/miniz/miniz.o ../../src/miniz/miniz.c
/home/runner/ejs-runner/_work/build/build/emsdk/upstream/emscripten/em++ -pthread -O3 -DNDEBUG -DEMULATOR_BUILD=\"c25f2e7\" -DGEARCOLECO_DISABLE_DISASSEMBLER -Wall -D__LIBRETRO__ -I. -fPIC -std=c++11 -c -o libretro.o libretro.cpp
/home/runner/ejs-runner/_work/build/build/emsdk/upstream/emscripten/em++ -pthread -O3 -DNDEBUG -DEMULATOR_BUILD=\"c25f2e7\" -DGEARCOLECO_DISABLE_DISASSEMBLER -Wall -D__LIBRETRO__ -I. -fPIC -std=c++11 -c -o ../../src/GearcolecoCore.o ../../src/GearcolecoCore.cpp
/home/runner/ejs-runner/_work/build/build/emsdk/upstream/emscripten/em++ -pthread -O3 -DNDEBUG -DEMULATOR_BUILD=\"c25f2e7\" -DGEARCOLECO_DISABLE_DISASSEMBLER -Wall -D__LIBRETRO__ -I. -fPIC -std=c++11 -c -o ../../src/Memory.o ../../src/Memory.cpp
/home/runner/ejs-runner/_work/build/build/emsdk/upstream/emscripten/em++ -pthread -O3 -DNDEBUG -DEMULATOR_BUILD=\"c25f2e7\" -DGEARCOLECO_DISABLE_DISASSEMBLER -Wall -D__LIBRETRO__ -I. -fPIC -std=c++11 -c -o ../../src/Processor.o ../../src/Processor.cpp
/home/runner/ejs-runner/_work/build/build/emsdk/upstream/emscripten/em++ -pthread -O3 -DNDEBUG -DEMULATOR_BUILD=\"c25f2e7\" -DGEARCOLECO_DISABLE_DISASSEMBLER -Wall -D__LIBRETRO__ -I. -fPIC -std=c++11 -c -o ../../src/Video.o ../../src/Video.cpp
/home/runner/ejs-runner/_work/build/build/emsdk/upstream/emscripten/em++ -pthread -O3 -DNDEBUG -DEMULATOR_BUILD=\"c25f2e7\" -DGEARCOLECO_DISABLE_DISASSEMBLER -Wall -D__LIBRETRO__ -I. -fPIC -std=c++11 -c -o ../../src/Audio.o ../../src/Audio.cpp
/home/runner/ejs-runner/_work/build/build/emsdk/upstream/emscripten/em++ -pthread -O3 -DNDEBUG -DEMULATOR_BUILD=\"c25f2e7\" -DGEARCOLECO_DISABLE_DISASSEMBLER -Wall -D__LIBRETRO__ -I. -fPIC -std=c++11 -c -o ../../src/AY8910.o ../../src/AY8910.cpp
/home/runner/ejs-runner/_work/build/build/emsdk/upstream/emscripten/em++ -pthread -O3 -DNDEBUG -DEMULATOR_BUILD=\"c25f2e7\" -DGEARCOLECO_DISABLE_DISASSEMBLER -Wall -D__LIBRETRO__ -I. -fPIC -std=c++11 -c -o ../../src/Input.o ../../src/Input.cpp
/home/runner/ejs-runner/_work/build/build/emsdk/upstream/emscripten/em++ -pthread -O3 -DNDEBUG -DEMULATOR_BUILD=\"c25f2e7\" -DGEARCOLECO_DISABLE_DISASSEMBLER -Wall -D__LIBRETRO__ -I. -fPIC -std=c++11 -c -o ../../src/Cartridge.o ../../src/Cartridge.cpp
/home/runner/ejs-runner/_work/build/build/emsdk/upstream/emscripten/em++ -pthread -O3 -DNDEBUG -DEMULATOR_BUILD=\"c25f2e7\" -DGEARCOLECO_DISABLE_DISASSEMBLER -Wall -D__LIBRETRO__ -I. -fPIC -std=c++11 -c -o ../../src/ColecoVisionIOPorts.o ../../src/ColecoVisionIOPorts.cpp
/home/runner/ejs-runner/_work/build/build/emsdk/upstream/emscripten/em++ -pthread -O3 -DNDEBUG -DEMULATOR_BUILD=\"c25f2e7\" -DGEARCOLECO_DISABLE_DISASSEMBLER -Wall -D__LIBRETRO__ -I. -fPIC -std=c++11 -c -o ../../src/opcodes.o ../../src/opcodes.cpp
/home/runner/ejs-runner/_work/build/build/emsdk/upstream/emscripten/em++ -pthread -O3 -DNDEBUG -DEMULATOR_BUILD=\"c25f2e7\" -DGEARCOLECO_DISABLE_DISASSEMBLER -Wall -D__LIBRETRO__ -I. -fPIC -std=c++11 -c -o ../../src/opcodes_cb.o ../../src/opcodes_cb.cpp
/home/runner/ejs-runner/_work/build/build/emsdk/upstream/emscripten/em++ -pthread -O3 -DNDEBUG -DEMULATOR_BUILD=\"c25f2e7\" -DGEARCOLECO_DISABLE_DISASSEMBLER -Wall -D__LIBRETRO__ -I. -fPIC -std=c++11 -c -o ../../src/opcodes_ed.o ../../src/opcodes_ed.cpp
/home/runner/ejs-runner/_work/build/build/emsdk/upstream/emscripten/em++ -pthread -O3 -DNDEBUG -DEMULATOR_BUILD=\"c25f2e7\" -DGEARCOLECO_DISABLE_DISASSEMBLER -Wall -D__LIBRETRO__ -I. -fPIC -std=c++11 -c -o ../../src/audio/Blip_Buffer.o ../../src/audio/Blip_Buffer.cpp
/home/runner/ejs-runner/_work/build/build/emsdk/upstream/emscripten/em++ -pthread -O3 -DNDEBUG -DEMULATOR_BUILD=\"c25f2e7\" -DGEARCOLECO_DISABLE_DISASSEMBLER -Wall -D__LIBRETRO__ -I. -fPIC -std=c++11 -c -o ../../src/audio/Effects_Buffer.o ../../src/audio/Effects_Buffer.cpp
/home/runner/ejs-runner/_work/build/build/emsdk/upstream/emscripten/em++ -pthread -O3 -DNDEBUG -DEMULATOR_BUILD=\"c25f2e7\" -DGEARCOLECO_DISABLE_DISASSEMBLER -Wall -D__LIBRETRO__ -I. -fPIC -std=c++11 -c -o ../../src/audio/Sms_Apu.o ../../src/audio/Sms_Apu.cpp
/home/runner/ejs-runner/_work/build/build/emsdk/upstream/emscripten/em++ -pthread -O3 -DNDEBUG -DEMULATOR_BUILD=\"c25f2e7\" -DGEARCOLECO_DISABLE_DISASSEMBLER -Wall -D__LIBRETRO__ -I. -fPIC -std=c++11 -c -o ../../src/audio/Multi_Buffer.o ../../src/audio/Multi_Buffer.cpp
/home/runner/ejs-runner/_work/build/build/emsdk/upstream/emscripten/emar rcs gearcoleco_libretro_emscripten.bc ../../src/miniz/miniz.o ./libretro.o ../../src/GearcolecoCore.o ../../src/Memory.o ../../src/Processor.o ../../src/Video.o ../../src/Audio.o ../../src/AY8910.o ../../src/Input.o ../../src/Cartridge.o ../../src/ColecoVisionIOPorts.o ../../src/opcodes.o ../../src/opcodes_cb.o ../../src/opcodes_ed.o ../../src/audio/Blip_Buffer.o ../../src/audio/Effects_Buffer.o ../../src/audio/Sms_Apu.o ../../src/audio/Multi_Buffer.o
Build complete: gearcoleco Release - c25f2e7 - emscripten
rm -f ../../src/miniz/miniz.o ./libretro.o ../../src/GearcolecoCore.o ../../src/Memory.o ../../src/Processor.o ../../src/Video.o ../../src/Audio.o ../../src/AY8910.o ../../src/Input.o ../../src/Cartridge.o ../../src/ColecoVisionIOPorts.o ../../src/opcodes.o ../../src/opcodes_cb.o ../../src/opcodes_ed.o ../../src/audio/Blip_Buffer.o ../../src/audio/Effects_Buffer.o ../../src/audio/Sms_Apu.o ../../src/audio/Multi_Buffer.o gearcoleco_libretro.so
/home/runner/ejs-runner/_work/build/build/emsdk/upstream/emscripten/emcc -pthread -O3 -DNDEBUG -DEMULATOR_BUILD=\"c25f2e7\" -DGEARCOLECO_DISABLE_DISASSEMBLER -Wall -D__LIBRETRO__ -I. -fPIC -std=c99 -c -o ../../src/miniz/miniz.o ../../src/miniz/miniz.c
/home/runner/ejs-runner/_work/build/build/emsdk/upstream/emscripten/em++ -pthread -O3 -DNDEBUG -DEMULATOR_BUILD=\"c25f2e7\" -DGEARCOLECO_DISABLE_DISASSEMBLER -Wall -D__LIBRETRO__ -I. -fPIC -std=c++11 -c -o libretro.o libretro.cpp
/home/runner/ejs-runner/_work/build/build/emsdk/upstream/emscripten/em++ -pthread -O3 -DNDEBUG -DEMULATOR_BUILD=\"c25f2e7\" -DGEARCOLECO_DISABLE_DISASSEMBLER -Wall -D__LIBRETRO__ -I. -fPIC -std=c++11 -c -o ../../src/GearcolecoCore.o ../../src/GearcolecoCore.cpp
/home/runner/ejs-runner/_work/build/build/emsdk/upstream/emscripten/em++ -pthread -O3 -DNDEBUG -DEMULATOR_BUILD=\"c25f2e7\" -DGEARCOLECO_DISABLE_DISASSEMBLER -Wall -D__LIBRETRO__ -I. -fPIC -std=c++11 -c -o ../../src/Memory.o ../../src/Memory.cpp
/home/runner/ejs-runner/_work/build/build/emsdk/upstream/emscripten/em++ -pthread -O3 -DNDEBUG -DEMULATOR_BUILD=\"c25f2e7\" -DGEARCOLECO_DISABLE_DISASSEMBLER -Wall -D__LIBRETRO__ -I. -fPIC -std=c++11 -c -o ../../src/Processor.o ../../src/Processor.cpp
/home/runner/ejs-runner/_work/build/build/emsdk/upstream/emscripten/em++ -pthread -O3 -DNDEBUG -DEMULATOR_BUILD=\"c25f2e7\" -DGEARCOLECO_DISABLE_DISASSEMBLER -Wall -D__LIBRETRO__ -I. -fPIC -std=c++11 -c -o ../../src/Video.o ../../src/Video.cpp
/home/runner/ejs-runner/_work/build/build/emsdk/upstream/emscripten/em++ -pthread -O3 -DNDEBUG -DEMULATOR_BUILD=\"c25f2e7\" -DGEARCOLECO_DISABLE_DISASSEMBLER -Wall -D__LIBRETRO__ -I. -fPIC -std=c++11 -c -o ../../src/Audio.o ../../src/Audio.cpp
/home/runner/ejs-runner/_work/build/build/emsdk/upstream/emscripten/em++ -pthread -O3 -DNDEBUG -DEMULATOR_BUILD=\"c25f2e7\" -DGEARCOLECO_DISABLE_DISASSEMBLER -Wall -D__LIBRETRO__ -I. -fPIC -std=c++11 -c -o ../../src/AY8910.o ../../src/AY8910.cpp
/home/runner/ejs-runner/_work/build/build/emsdk/upstream/emscripten/em++ -pthread -O3 -DNDEBUG -DEMULATOR_BUILD=\"c25f2e7\" -DGEARCOLECO_DISABLE_DISASSEMBLER -Wall -D__LIBRETRO__ -I. -fPIC -std=c++11 -c -o ../../src/Input.o ../../src/Input.cpp
/home/runner/ejs-runner/_work/build/build/emsdk/upstream/emscripten/em++ -pthread -O3 -DNDEBUG -DEMULATOR_BUILD=\"c25f2e7\" -DGEARCOLECO_DISABLE_DISASSEMBLER -Wall -D__LIBRETRO__ -I. -fPIC -std=c++11 -c -o ../../src/Cartridge.o ../../src/Cartridge.cpp
/home/runner/ejs-runner/_work/build/build/emsdk/upstream/emscripten/em++ -pthread -O3 -DNDEBUG -DEMULATOR_BUILD=\"c25f2e7\" -DGEARCOLECO_DISABLE_DISASSEMBLER -Wall -D__LIBRETRO__ -I. -fPIC -std=c++11 -c -o ../../src/ColecoVisionIOPorts.o ../../src/ColecoVisionIOPorts.cpp
/home/runner/ejs-runner/_work/build/build/emsdk/upstream/emscripten/em++ -pthread -O3 -DNDEBUG -DEMULATOR_BUILD=\"c25f2e7\" -DGEARCOLECO_DISABLE_DISASSEMBLER -Wall -D__LIBRETRO__ -I. -fPIC -std=c++11 -c -o ../../src/opcodes.o ../../src/opcodes.cpp
/home/runner/ejs-runner/_work/build/build/emsdk/upstream/emscripten/em++ -pthread -O3 -DNDEBUG -DEMULATOR_BUILD=\"c25f2e7\" -DGEARCOLECO_DISABLE_DISASSEMBLER -Wall -D__LIBRETRO__ -I. -fPIC -std=c++11 -c -o ../../src/opcodes_cb.o ../../src/opcodes_cb.cpp
/home/runner/ejs-runner/_work/build/build/emsdk/upstream/emscripten/em++ -pthread -O3 -DNDEBUG -DEMULATOR_BUILD=\"c25f2e7\" -DGEARCOLECO_DISABLE_DISASSEMBLER -Wall -D__LIBRETRO__ -I. -fPIC -std=c++11 -c -o ../../src/opcodes_ed.o ../../src/opcodes_ed.cpp
/home/runner/ejs-runner/_work/build/build/emsdk/upstream/emscripten/em++ -pthread -O3 -DNDEBUG -DEMULATOR_BUILD=\"c25f2e7\" -DGEARCOLECO_DISABLE_DISASSEMBLER -Wall -D__LIBRETRO__ -I. -fPIC -std=c++11 -c -o ../../src/audio/Blip_Buffer.o ../../src/audio/Blip_Buffer.cpp
/home/runner/ejs-runner/_work/build/build/emsdk/upstream/emscripten/em++ -pthread -O3 -DNDEBUG -DEMULATOR_BUILD=\"c25f2e7\" -DGEARCOLECO_DISABLE_DISASSEMBLER -Wall -D__LIBRETRO__ -I. -fPIC -std=c++11 -c -o ../../src/audio/Effects_Buffer.o ../../src/audio/Effects_Buffer.cpp
/home/runner/ejs-runner/_work/build/build/emsdk/upstream/emscripten/em++ -pthread -O3 -DNDEBUG -DEMULATOR_BUILD=\"c25f2e7\" -DGEARCOLECO_DISABLE_DISASSEMBLER -Wall -D__LIBRETRO__ -I. -fPIC -std=c++11 -c -o ../../src/audio/Sms_Apu.o ../../src/audio/Sms_Apu.cpp
/home/runner/ejs-runner/_work/build/build/emsdk/upstream/emscripten/em++ -pthread -O3 -DNDEBUG -DEMULATOR_BUILD=\"c25f2e7\" -DGEARCOLECO_DISABLE_DISASSEMBLER -Wall -D__LIBRETRO__ -I. -fPIC -std=c++11 -c -o ../../src/audio/Multi_Buffer.o ../../src/audio/Multi_Buffer.cpp
/home/runner/ejs-runner/_work/build/build/emsdk/upstream/emscripten/emar rcs gearcoleco_libretro_emscripten.bc ../../src/miniz/miniz.o ./libretro.o ../../src/GearcolecoCore.o ../../src/Memory.o ../../src/Processor.o ../../src/Video.o ../../src/Audio.o ../../src/AY8910.o ../../src/Input.o ../../src/Cartridge.o ../../src/ColecoVisionIOPorts.o ../../src/opcodes.o ../../src/opcodes_cb.o ../../src/opcodes_ed.o ../../src/audio/Blip_Buffer.o ../../src/audio/Effects_Buffer.o ../../src/audio/Sms_Apu.o ../../src/audio/Multi_Buffer.o
Build complete: gearcoleco Release - c25f2e7 - emscripten
