make: Entering directory '/home/runner/ejs-runner/_work/build/build/compile/RetroArch'
rm -rf obj-emscripten
rm -f retroarch.js
make: Leaving directory '/home/runner/ejs-runner/_work/build/build/compile/RetroArch'
-- Building core: crocods --
NAME: crocods
ASYNC: 1
HAVE_THREADS: 0
PTHREAD_POOL_SIZE: 0
GLES3: 1
STACK_SIZE: 4194304
INITIAL_HEAP: 134217728
HAVE_CHD: 1
HAVE_7ZIP: 1
make: Entering directory '/home/runner/ejs-runner/_work/build/build/compile/RetroArch'
rm -rf obj-emscripten
rm -f retroarch.js
make: Leaving directory '/home/runner/ejs-runner/_work/build/build/compile/RetroArch'
BUILD COMMAND: make -C ../ -f Makefile.emulatorjs HAVE_7ZIP=1 HAVE_CHD=1 HAVE_THREADS=0 PTHREAD_POOL_SIZE=0 ASYNC=1 HAVE_OPENGLES3=1 STACK_SIZE=4194304 INITIAL_HEAP=134217728 TARGET=crocods_libretro.js -j8
make: Entering directory '/home/runner/ejs-runner/_work/build/build/compile/RetroArch'
CC version_git.c
CC frontend/frontend_driver.c
CC retroarch.c
CC runloop.c
CC ui/ui_companion_driver.c
CC camera/camera_driver.c
CC record/record_driver.c
CC record/drivers/record_wav.c
CC command.c
CC msg_hash.c
CC intl/msg_hash_us.c
CC libretro-common/queues/task_queue.c
CC tasks/task_content.c
CC tasks/task_patch.c
CC save.c
CC tasks/task_save.c
CC tasks/task_movie.c
CC tasks/task_file_transfer.c
CC tasks/task_image.c
CC tasks/task_playlist_manager.c
CC tasks/task_manual_content_scan.c
CC tasks/task_core_backup.c
CC libretro-common/encodings/encoding_utf.c
CC libretro-common/encodings/encoding_crc32.c
CC libretro-common/encodings/encoding_base64.c
CC libretro-common/compat/fopen_utf8.c
CC libretro-common/compat/compat_strldup.c
CC libretro-common/lists/file_list.c
CC libretro-common/lists/dir_list.c
CC libretro-common/file/retro_dirent.c
CC libretro-common/streams/stdin_stream.c
CC libretro-common/streams/file_stream.c
CC libretro-common/streams/file_stream_transforms.c
CC libretro-common/streams/interface_stream.c
CC libretro-common/streams/memory_stream.c
CC libretro-common/streams/network_stream.c
CC libretro-common/vfs/vfs_implementation.c
CC libretro-common/lists/string_list.c
CC libretro-common/string/stdstring.c
CC libretro-common/memmap/memalign.c
CC libretro-common/file/nbio/nbio_stdio.c
CC libretro-common/lists/linked_list.c
CC libretro-common/lists/nested_list.c
CC libretro-common/queues/generic_queue.c
CC libretro-common/file/nbio/nbio_intf.c
CC libretro-common/file/file_path.c
CC libretro-common/file/file_path_io.c
CC file_path_special.c
CC libretro-common/hash/lrc_hash.c
CC audio/audio_driver.c
CC input/input_driver.c
CC input/common/input_hid_common.c
CC led/led_driver.c
CC gfx/video_driver.c
CC gfx/gfx_display.c
CC gfx/gfx_animation.c
CC configuration.c
CC libretro-common/dynamic/dylib.c
CC cores/dynamic_dummy.c
CC libretro-common/queues/message_queue.c
CC gfx/gfx_thumbnail_path.c
CC gfx/gfx_thumbnail.c
CC state_manager.c
CC gfx/drivers_font_renderer/bitmapfont.c
CC gfx/drivers_font_renderer/bitmapfont_10x10.c
CC gfx/drivers_font_renderer/bitmapfont_6x10.c
CC tasks/task_autodetect.c
CC input/input_autodetect_builtin.c
CC input/input_keymaps.c
CC libretro-common/queues/fifo_queue.c
CC libretro-common/compat/compat_fnmatch.c
CC libretro-common/compat/compat_posix_string.c
CC cheat_manager.c
CC core_info.c
CC core_backup.c
CC core_option_manager.c
CC libretro-common/file/config_file.c
CC libretro-common/file/config_file_userdata.c
CC runtime_file.c
CC disk_index_file.c
CC tasks/task_screenshot.c
CC tasks/task_powerstate.c
CC libretro-common/gfx/scaler/scaler.c
CC libretro-common/gfx/scaler/pixconv.c
CC libretro-common/gfx/scaler/scaler_int.c
CC libretro-common/gfx/scaler/scaler_filter.c
CC gfx/font_driver.c
CC gfx/video_filter.c
CC libretro-common/audio/resampler/audio_resampler.c
CC libretro-common/audio/dsp_filter.c
CC libretro-common/audio/resampler/drivers/sinc_resampler.c
CC libretro-common/utils/md5.c
CC playlist.c
CC libretro-common/features/features_cpu.c
CC verbosity.c
CC libretro-common/playlists/label_sanitization.c
CC libretro-common/time/rtime.c
CC manual_content_scan.c
CC disk_control_interface.c
CC tasks/task_audio_mixer.c
CC libretro-common/audio/audio_mix.c
CC libretro-common/audio/audio_mixer.c
CC input/bsv/bsvmovie.c
CC audio/drivers_resampler/cc_resampler.c
CC libretro-common/compat/compat_getopt.c
CC libretro-common/compat/compat_strcasestr.c
CC libretro-common/compat/compat_strl.c
CC libretro-common/formats/image_texture.c
CC libretro-db/bintree.c
CC libretro-db/libretrodb.c
CC libretro-db/query.c
CC libretro-db/rmsgpack.c
CC libretro-db/rmsgpack_dom.c
CC database_info.c
CC tasks/task_database.c
CC tasks/task_database_cue.c
CC menu/menu_explore.c
CC tasks/task_menu_explore.c
CC input/drivers/emulatorjs_input.c
CC frontend/drivers/platform_emulatorjs.c
CC audio/drivers/openal.c
CC libretro-common/audio/conversion/s16_to_float.c
CC libretro-common/audio/conversion/float_to_s16.c
CC libretro-common/audio/conversion/mono_to_stereo_float.c
CC libretro-common/audio/conversion/stereo_to_mono_float.c
CC menu/drivers/rgui.c
CC menu/drivers/materialui.c
CC menu/drivers/xmb.c
CC menu/drivers/ozone.c
CC menu/menu_screensaver.c
CC menu/menu_setting.c
CC menu/menu_driver.c
CC menu/cbs/menu_cbs_ok.c
CC menu/cbs/menu_cbs_cancel.c
CC menu/cbs/menu_cbs_select.c
CC menu/cbs/menu_cbs_start.c
CC menu/cbs/menu_cbs_info.c
CC menu/cbs/menu_cbs_left.c
CC menu/cbs/menu_cbs_right.c
CC menu/cbs/menu_cbs_deferred_push.c
CC menu/cbs/menu_cbs_scan.c
CC menu/cbs/menu_cbs_get_value.c
CC menu/cbs/menu_cbs_label.c
CC menu/cbs/menu_cbs_sublabel.c
CC menu/cbs/menu_cbs_title.c
CC menu/menu_displaylist.c
CC menu/menu_contentless_cores.c
CC gfx/gfx_widgets.c
CC gfx/widgets/gfx_widget_screenshot.c
CC gfx/widgets/gfx_widget_volume.c
CC gfx/widgets/gfx_widget_generic_message.c
CC gfx/widgets/gfx_widget_libretro_message.c
CC gfx/widgets/gfx_widget_progress_message.c
CC gfx/widgets/gfx_widget_load_content_animation.c
CC tasks/task_overlay.c
CC led/drivers/led_overlay.c
CC gfx/drivers_font_renderer/stb.c
CC gfx/drivers_font_renderer/stb_unicode.c
CC libretro-common/formats/xml/rxml.c
CC libretro-common/formats/logiqx_dat/logiqx_dat.c
CC deps/yxml/yxml.c
CC gfx/drivers_context/gfx_null_ctx.c
CC gfx/common/gl_common.c
CC gfx/drivers/gl2.c
CC libretro-common/gfx/gl_capabilities.c
CC libretro-common/glsym/rglgen.c
CC gfx/drivers_context/emscriptenwebgl_ctx.c
CC libretro-common/glsym/glsym_es3.c
CC gfx/drivers_shader/shader_glsl.c
CC gfx/video_shader_parse.c
CC libretro-common/file/archive_file.c
CC libretro-common/streams/trans_stream.c
CC libretro-common/streams/trans_stream_pipe.c
CC libretro-common/file/archive_file_7z.c
CC deps/7zip/7zArcIn.c
CC deps/7zip/7zBuf.c
CC deps/7zip/7zCrc.c
CC deps/7zip/7zCrcOpt.c
CC deps/7zip/7zDec.c
CC deps/7zip/CpuArch.c
CC deps/7zip/Delta.c
CC deps/7zip/LzFind.c
CC deps/7zip/LzmaDec.c
CC deps/7zip/Lzma2Dec.c
CC deps/7zip/LzmaEnc.c
CC deps/7zip/Bra.c
CC deps/7zip/Bra86.c
CC deps/7zip/BraIA64.c
CC deps/7zip/Bcj2.c
CC deps/7zip/7zFile.c
CC deps/7zip/7zStream.c
CC deps/ibxm/ibxm.c
CC libretro-common/file/archive_file_zlib.c
CC libretro-common/streams/trans_stream_zlib.c
CC libretro-common/streams/rzip_stream.c
CC libretro-common/formats/libchdr/libchdr_bitstream.c
CC libretro-common/formats/libchdr/libchdr_cdrom.c
CC libretro-common/formats/libchdr/libchdr_chd.c
CC libretro-common/formats/libchdr/libchdr_huffman.c
CC libretro-common/streams/chd_stream.c
CC libretro-common/formats/libchdr/libchdr_zlib.c
CC libretro-common/formats/libchdr/libchdr_lzma.c
CC libretro-common/formats/png/rpng.c
CC libretro-common/formats/png/rpng_encode.c
CC libretro-common/formats/bmp/rbmp_encode.c
CC libretro-common/formats/json/rjson.c
CC libretro-common/formats/image_transfer.c
CC libretro-common/formats/m3u/m3u_file.c
CC libretro-common/net/net_compat.c
CC libretro-common/net/net_http.c
CC libretro-common/net/net_http_parse.c
CC libretro-common/net/net_socket.c
CC core_updater_list.c
CC network/natt.c
CC tasks/task_netplay_lan_scan.c
CC tasks/task_netplay_nat_traversal.c
CC tasks/task_netplay_find_content.c
CC tasks/task_http_emscripten.c
CC tasks/task_pl_thumbnail_download.c
CC tasks/task_core_updater.c
CC network/netplay/netplay_frontend.c
CC network/netplay/netplay_room_parse.c
CC tasks/task_decompress.c
CC gfx/video_filters/2xsai.c
CC gfx/video_filters/super2xsai.c
CC gfx/video_filters/supereagle.c
CC gfx/video_filters/2xbr.c
CC gfx/video_filters/darken.c
CC gfx/video_filters/epx.c
CC gfx/video_filters/scale2x.c
CC gfx/video_filters/blargg_ntsc_snes.c
CC gfx/video_filters/lq2x.c
CC gfx/video_filters/phosphor2x.c
CC gfx/video_filters/normal2x.c
CC gfx/video_filters/normal2x_width.c
CC gfx/video_filters/normal2x_height.c
CC gfx/video_filters/normal4x.c
CC gfx/video_filters/scanline2x.c
CC gfx/video_filters/grid2x.c
CC gfx/video_filters/grid3x.c
CC gfx/video_filters/gameboy3x.c
CC gfx/video_filters/gameboy4x.c
CC gfx/video_filters/dot_matrix_3x.c
CC gfx/video_filters/dot_matrix_4x.c
CC gfx/video_filters/upscale_1_5x.c
CC gfx/video_filters/upscale_1_66x_fast.c
CC gfx/video_filters/upscale_256x_320x240.c
CC gfx/video_filters/picoscale_256x_320x240.c
CC gfx/video_filters/upscale_240x160_320x240.c
CC gfx/video_filters/upscale_mix_240x160_320x240.c
CC libretro-common/audio/dsp_filters/chorus.c
CC libretro-common/audio/dsp_filters/crystalizer.c
CC libretro-common/audio/dsp_filters/echo.c
CC libretro-common/audio/dsp_filters/eq.c
CC libretro-common/audio/dsp_filters/iir.c
CC libretro-common/audio/dsp_filters/panning.c
CC libretro-common/audio/dsp_filters/phaser.c
CC libretro-common/audio/dsp_filters/reverb.c
CC libretro-common/audio/dsp_filters/tremolo.c
CC libretro-common/audio/dsp_filters/vibrato.c
CC libretro-common/audio/dsp_filters/wahwah.c
LD crocods_libretro.js <obj> libretro_emscripten.a -s USE_ZLIB=1 -lm -L. --no-heap-copy -s USE_ZLIB=1 -s STACK_SIZE=4194304 -s INITIAL_MEMORY=134217728 -s NO_EXIT_RUNTIME=1 -s EXPORTED_RUNTIME_METHODS=Browser,callMain,cwrap,getValue,HEAPU8,FS,PATH,ERRNO_CODES,AL,abort,ENV,stringToNewUTF8,UTF8ToString,Browser,EmscriptenSendCommand,EmscriptenReceiveCommandReply,EmulatorJSGetState -s ALLOW_MEMORY_GROWTH=1 -s EXPORTED_FUNCTIONS=_main,_malloc,_free,_load_state, _ejs_set_variable,_simulate_input,_shader_enable,_save_state_info,_set_cheat,_cmd_take_screenshot, _system_restart,_cmd_savefiles,_get_core_options,_cmd_save_state,_supports_states,_reset_cheat,_toggleMainLoop, _save_file_path,_get_disk_count,_set_current_disk,_get_current_disk,_refresh_save_files,_toggle_fastforward,_set_ff_ratio, _toggle_slow_motion,_set_sm_ratio,_toggle_rewind,_set_rewind_granularity,_get_current_frame_count,_ejs_set_keyboard_enabled, _set_vsync,_set_video_rotation,_get_video_dimensions,EmscriptenSendCommand,EmscriptenReceiveCommandReply -s ERROR_ON_UNDEFINED_SYMBOLS=0 -lidbfs.js -s MODULARIZE=1 -s EXPORT_NAME=EJS_Runtime -s ENVIRONMENT=web,worker -s WASM_BIGINT=1 --extern-pre-js emscripten/pre.js --js-library emscripten/library_rwebcam.js --js-library emscripten/library_platform_emscripten.js --js-library emscripten/emulatorjs.js -s FULL_ES3=1 -s MIN_WEBGL_VERSION=2 -s MAX_WEBGL_VERSION=2 -lopenal -lopenal -s ASYNCIFY=1 -s ASYNCIFY_STACK_SIZE=8192 -O3
make: Leaving directory '/home/runner/ejs-runner/_work/build/build/compile/RetroArch'

7-Zip [64] 16.02 : Copyright (c) 1999-2016 Igor Pavlov : 2016-05-21
p7zip Version 16.02 (locale=en_AU.UTF-8,Utf16=on,HugeFiles=on,64 bits,8 CPUs 11th Gen Intel(R) Core(TM) i5-11600 @ 2.80GHz (A0671),ASM,AES-NI)

Scanning the drive:
2 files, 4247551 bytes (4148 KiB)

Creating archive: ../../EmulatorJS/data/cores/crocods-wasm.data

Items to compress: 2


Files read from disk: 2
Archive size: 992414 bytes (970 KiB)
Everything is Ok
make: Entering directory '/home/runner/ejs-runner/_work/build/build/compile/RetroArch'
rm -rf obj-emscripten
rm -f retroarch.js
make: Leaving directory '/home/runner/ejs-runner/_work/build/build/compile/RetroArch'
-- Building core: crocods --
NAME: crocods
ASYNC: 1
HAVE_THREADS: 0
PTHREAD_POOL_SIZE: 0
GLES3: 0
STACK_SIZE: 4194304
INITIAL_HEAP: 134217728
HAVE_CHD: 1
HAVE_7ZIP: 1
BUILD COMMAND: make -C ../ -f Makefile.emulatorjs HAVE_7ZIP=1 HAVE_CHD=1 HAVE_THREADS=0 PTHREAD_POOL_SIZE=0 ASYNC=1 HAVE_OPENGLES3=0 STACK_SIZE=4194304 INITIAL_HEAP=134217728 TARGET=crocods_libretro.js -j8
make: Entering directory '/home/runner/ejs-runner/_work/build/build/compile/RetroArch'
CC version_git.c
CC frontend/frontend_driver.c
CC retroarch.c
CC runloop.c
CC ui/ui_companion_driver.c
CC camera/camera_driver.c
CC record/record_driver.c
CC record/drivers/record_wav.c
CC command.c
CC msg_hash.c
CC intl/msg_hash_us.c
CC libretro-common/queues/task_queue.c
CC tasks/task_content.c
CC tasks/task_patch.c
CC save.c
CC tasks/task_save.c
CC tasks/task_movie.c
CC tasks/task_file_transfer.c
CC tasks/task_image.c
CC tasks/task_playlist_manager.c
CC tasks/task_manual_content_scan.c
CC tasks/task_core_backup.c
CC libretro-common/encodings/encoding_utf.c
CC libretro-common/encodings/encoding_crc32.c
CC libretro-common/encodings/encoding_base64.c
CC libretro-common/compat/fopen_utf8.c
CC libretro-common/compat/compat_strldup.c
CC libretro-common/lists/file_list.c
CC libretro-common/lists/dir_list.c
CC libretro-common/file/retro_dirent.c
CC libretro-common/streams/stdin_stream.c
CC libretro-common/streams/file_stream.c
CC libretro-common/streams/file_stream_transforms.c
CC libretro-common/streams/interface_stream.c
CC libretro-common/streams/memory_stream.c
CC libretro-common/streams/network_stream.c
CC libretro-common/vfs/vfs_implementation.c
CC libretro-common/lists/string_list.c
CC libretro-common/string/stdstring.c
CC libretro-common/memmap/memalign.c
CC libretro-common/file/nbio/nbio_stdio.c
CC libretro-common/lists/linked_list.c
CC libretro-common/lists/nested_list.c
CC libretro-common/queues/generic_queue.c
CC libretro-common/file/nbio/nbio_intf.c
CC libretro-common/file/file_path.c
CC libretro-common/file/file_path_io.c
CC file_path_special.c
CC libretro-common/hash/lrc_hash.c
CC audio/audio_driver.c
CC input/input_driver.c
CC input/common/input_hid_common.c
CC led/led_driver.c
CC gfx/video_driver.c
CC gfx/gfx_display.c
CC gfx/gfx_animation.c
CC configuration.c
CC libretro-common/dynamic/dylib.c
CC cores/dynamic_dummy.c
CC libretro-common/queues/message_queue.c
CC gfx/gfx_thumbnail_path.c
CC gfx/gfx_thumbnail.c
CC state_manager.c
CC gfx/drivers_font_renderer/bitmapfont.c
CC gfx/drivers_font_renderer/bitmapfont_10x10.c
CC gfx/drivers_font_renderer/bitmapfont_6x10.c
CC tasks/task_autodetect.c
CC input/input_autodetect_builtin.c
CC input/input_keymaps.c
CC libretro-common/queues/fifo_queue.c
CC libretro-common/compat/compat_fnmatch.c
CC libretro-common/compat/compat_posix_string.c
CC cheat_manager.c
CC core_info.c
CC core_backup.c
CC core_option_manager.c
CC libretro-common/file/config_file.c
CC libretro-common/file/config_file_userdata.c
CC runtime_file.c
CC disk_index_file.c
CC tasks/task_screenshot.c
CC tasks/task_powerstate.c
CC libretro-common/gfx/scaler/scaler.c
CC libretro-common/gfx/scaler/pixconv.c
CC libretro-common/gfx/scaler/scaler_int.c
CC libretro-common/gfx/scaler/scaler_filter.c
CC gfx/font_driver.c
CC gfx/video_filter.c
CC libretro-common/audio/resampler/audio_resampler.c
CC libretro-common/audio/dsp_filter.c
CC libretro-common/audio/resampler/drivers/sinc_resampler.c
CC libretro-common/utils/md5.c
CC playlist.c
CC libretro-common/features/features_cpu.c
CC verbosity.c
CC libretro-common/playlists/label_sanitization.c
CC libretro-common/time/rtime.c
CC manual_content_scan.c
CC disk_control_interface.c
CC tasks/task_audio_mixer.c
CC libretro-common/audio/audio_mix.c
CC libretro-common/audio/audio_mixer.c
CC input/bsv/bsvmovie.c
CC audio/drivers_resampler/cc_resampler.c
CC libretro-common/compat/compat_getopt.c
CC libretro-common/compat/compat_strcasestr.c
CC libretro-common/formats/image_texture.c
CC libretro-common/compat/compat_strl.c
CC libretro-db/bintree.c
CC libretro-db/libretrodb.c
CC libretro-db/query.c
CC libretro-db/rmsgpack.c
CC libretro-db/rmsgpack_dom.c
CC database_info.c
CC tasks/task_database.c
CC tasks/task_database_cue.c
CC menu/menu_explore.c
CC tasks/task_menu_explore.c
CC input/drivers/emulatorjs_input.c
CC frontend/drivers/platform_emulatorjs.c
CC audio/drivers/openal.c
CC libretro-common/audio/conversion/s16_to_float.c
CC libretro-common/audio/conversion/float_to_s16.c
CC libretro-common/audio/conversion/mono_to_stereo_float.c
CC libretro-common/audio/conversion/stereo_to_mono_float.c
CC menu/drivers/rgui.c
CC menu/drivers/materialui.c
CC menu/drivers/xmb.c
CC menu/drivers/ozone.c
CC menu/menu_screensaver.c
CC menu/menu_setting.c
CC menu/menu_driver.c
CC menu/cbs/menu_cbs_ok.c
CC menu/cbs/menu_cbs_cancel.c
CC menu/cbs/menu_cbs_select.c
CC menu/cbs/menu_cbs_start.c
CC menu/cbs/menu_cbs_info.c
CC menu/cbs/menu_cbs_left.c
CC menu/cbs/menu_cbs_right.c
CC menu/cbs/menu_cbs_deferred_push.c
CC menu/cbs/menu_cbs_scan.c
CC menu/cbs/menu_cbs_get_value.c
CC menu/cbs/menu_cbs_label.c
CC menu/cbs/menu_cbs_sublabel.c
CC menu/cbs/menu_cbs_title.c
CC menu/menu_displaylist.c
CC menu/menu_contentless_cores.c
CC gfx/gfx_widgets.c
CC gfx/widgets/gfx_widget_screenshot.c
CC gfx/widgets/gfx_widget_volume.c
CC gfx/widgets/gfx_widget_generic_message.c
CC gfx/widgets/gfx_widget_libretro_message.c
CC gfx/widgets/gfx_widget_progress_message.c
CC gfx/widgets/gfx_widget_load_content_animation.c
CC tasks/task_overlay.c
CC led/drivers/led_overlay.c
CC gfx/drivers_font_renderer/stb.c
CC gfx/drivers_font_renderer/stb_unicode.c
CC libretro-common/formats/xml/rxml.c
CC libretro-common/formats/logiqx_dat/logiqx_dat.c
CC deps/yxml/yxml.c
CC gfx/drivers_context/gfx_null_ctx.c
CC gfx/common/gl_common.c
CC gfx/drivers/gl2.c
CC libretro-common/gfx/gl_capabilities.c
CC libretro-common/glsym/rglgen.c
CC gfx/drivers_context/emscriptenwebgl_ctx.c
CC libretro-common/glsym/glsym_es2.c
CC gfx/drivers_shader/shader_glsl.c
CC gfx/video_shader_parse.c
CC libretro-common/file/archive_file.c
CC libretro-common/streams/trans_stream.c
CC libretro-common/streams/trans_stream_pipe.c
CC libretro-common/file/archive_file_7z.c
CC deps/7zip/7zArcIn.c
CC deps/7zip/7zBuf.c
CC deps/7zip/7zCrc.c
CC deps/7zip/7zCrcOpt.c
CC deps/7zip/7zDec.c
CC deps/7zip/CpuArch.c
CC deps/7zip/Delta.c
CC deps/7zip/LzFind.c
CC deps/7zip/LzmaDec.c
CC deps/7zip/Lzma2Dec.c
CC deps/7zip/LzmaEnc.c
CC deps/7zip/Bra.c
CC deps/7zip/Bra86.c
CC deps/7zip/BraIA64.c
CC deps/7zip/Bcj2.c
CC deps/7zip/7zFile.c
CC deps/7zip/7zStream.c
CC deps/ibxm/ibxm.c
CC libretro-common/file/archive_file_zlib.c
CC libretro-common/streams/trans_stream_zlib.c
CC libretro-common/streams/rzip_stream.c
CC libretro-common/formats/libchdr/libchdr_bitstream.c
CC libretro-common/formats/libchdr/libchdr_cdrom.c
CC libretro-common/formats/libchdr/libchdr_chd.c
CC libretro-common/formats/libchdr/libchdr_huffman.c
CC libretro-common/streams/chd_stream.c
CC libretro-common/formats/libchdr/libchdr_zlib.c
CC libretro-common/formats/libchdr/libchdr_lzma.c
CC libretro-common/formats/png/rpng.c
CC libretro-common/formats/png/rpng_encode.c
CC libretro-common/formats/bmp/rbmp_encode.c
CC libretro-common/formats/json/rjson.c
CC libretro-common/formats/image_transfer.c
CC libretro-common/formats/m3u/m3u_file.c
CC libretro-common/net/net_compat.c
CC libretro-common/net/net_http.c
CC libretro-common/net/net_http_parse.c
CC libretro-common/net/net_socket.c
CC core_updater_list.c
CC network/natt.c
CC tasks/task_netplay_lan_scan.c
CC tasks/task_netplay_nat_traversal.c
CC tasks/task_netplay_find_content.c
CC tasks/task_http_emscripten.c
CC tasks/task_pl_thumbnail_download.c
CC tasks/task_core_updater.c
CC network/netplay/netplay_frontend.c
CC network/netplay/netplay_room_parse.c
CC tasks/task_decompress.c
CC gfx/video_filters/2xsai.c
CC gfx/video_filters/super2xsai.c
CC gfx/video_filters/supereagle.c
CC gfx/video_filters/2xbr.c
CC gfx/video_filters/darken.c
CC gfx/video_filters/epx.c
CC gfx/video_filters/scale2x.c
CC gfx/video_filters/blargg_ntsc_snes.c
CC gfx/video_filters/lq2x.c
CC gfx/video_filters/phosphor2x.c
CC gfx/video_filters/normal2x.c
CC gfx/video_filters/normal2x_width.c
CC gfx/video_filters/normal2x_height.c
CC gfx/video_filters/normal4x.c
CC gfx/video_filters/scanline2x.c
CC gfx/video_filters/grid2x.c
CC gfx/video_filters/grid3x.c
CC gfx/video_filters/gameboy3x.c
CC gfx/video_filters/gameboy4x.c
CC gfx/video_filters/dot_matrix_3x.c
CC gfx/video_filters/dot_matrix_4x.c
CC gfx/video_filters/upscale_1_5x.c
CC gfx/video_filters/upscale_1_66x_fast.c
CC gfx/video_filters/upscale_256x_320x240.c
CC gfx/video_filters/picoscale_256x_320x240.c
CC gfx/video_filters/upscale_240x160_320x240.c
CC gfx/video_filters/upscale_mix_240x160_320x240.c
CC libretro-common/audio/dsp_filters/chorus.c
CC libretro-common/audio/dsp_filters/crystalizer.c
CC libretro-common/audio/dsp_filters/echo.c
CC libretro-common/audio/dsp_filters/eq.c
CC libretro-common/audio/dsp_filters/iir.c
CC libretro-common/audio/dsp_filters/panning.c
CC libretro-common/audio/dsp_filters/phaser.c
CC libretro-common/audio/dsp_filters/reverb.c
CC libretro-common/audio/dsp_filters/tremolo.c
CC libretro-common/audio/dsp_filters/vibrato.c
CC libretro-common/audio/dsp_filters/wahwah.c
LD crocods_libretro.js <obj> libretro_emscripten.a -s USE_ZLIB=1 -lm -L. --no-heap-copy -s USE_ZLIB=1 -s STACK_SIZE=4194304 -s INITIAL_MEMORY=134217728 -s NO_EXIT_RUNTIME=1 -s EXPORTED_RUNTIME_METHODS=Browser,callMain,cwrap,getValue,HEAPU8,FS,PATH,ERRNO_CODES,AL,abort,ENV,stringToNewUTF8,UTF8ToString,Browser,EmscriptenSendCommand,EmscriptenReceiveCommandReply,EmulatorJSGetState -s ALLOW_MEMORY_GROWTH=1 -s EXPORTED_FUNCTIONS=_main,_malloc,_free,_load_state, _ejs_set_variable,_simulate_input,_shader_enable,_save_state_info,_set_cheat,_cmd_take_screenshot, _system_restart,_cmd_savefiles,_get_core_options,_cmd_save_state,_supports_states,_reset_cheat,_toggleMainLoop, _save_file_path,_get_disk_count,_set_current_disk,_get_current_disk,_refresh_save_files,_toggle_fastforward,_set_ff_ratio, _toggle_slow_motion,_set_sm_ratio,_toggle_rewind,_set_rewind_granularity,_get_current_frame_count,_ejs_set_keyboard_enabled, _set_vsync,_set_video_rotation,_get_video_dimensions,EmscriptenSendCommand,EmscriptenReceiveCommandReply -s ERROR_ON_UNDEFINED_SYMBOLS=0 -lidbfs.js -s MODULARIZE=1 -s EXPORT_NAME=EJS_Runtime -s ENVIRONMENT=web,worker -s WASM_BIGINT=1 --extern-pre-js emscripten/pre.js --js-library emscripten/library_rwebcam.js --js-library emscripten/library_platform_emscripten.js --js-library emscripten/emulatorjs.js -s FULL_ES2=1 -s MIN_WEBGL_VERSION=1 -s MAX_WEBGL_VERSION=2 -lopenal -lopenal -s ASYNCIFY=1 -s ASYNCIFY_STACK_SIZE=8192 -O3
make: Leaving directory '/home/runner/ejs-runner/_work/build/build/compile/RetroArch'

7-Zip [64] 16.02 : Copyright (c) 1999-2016 Igor Pavlov : 2016-05-21
p7zip Version 16.02 (locale=en_AU.UTF-8,Utf16=on,HugeFiles=on,64 bits,8 CPUs 11th Gen Intel(R) Core(TM) i5-11600 @ 2.80GHz (A0671),ASM,AES-NI)

Scanning the drive:
2 files, 4249470 bytes (4150 KiB)

Creating archive: ../../EmulatorJS/data/cores/crocods-legacy-wasm.data

Items to compress: 2


Files read from disk: 2
Archive size: 991806 bytes (969 KiB)
Everything is Ok
make: Entering directory '/home/runner/ejs-runner/_work/build/build/compile/RetroArch'
rm -rf obj-emscripten
rm -f retroarch.js
make: Leaving directory '/home/runner/ejs-runner/_work/build/build/compile/RetroArch'
-- Building core: crocods --
NAME: crocods
ASYNC: 1
HAVE_THREADS: 1
PTHREAD_POOL_SIZE: 4
GLES3: 1
STACK_SIZE: 4194304
INITIAL_HEAP: 134217728
HAVE_CHD: 1
HAVE_7ZIP: 1
make: Entering directory '/home/runner/ejs-runner/_work/build/build/compile/RetroArch'
rm -rf obj-emscripten
rm -f retroarch.js
make: Leaving directory '/home/runner/ejs-runner/_work/build/build/compile/RetroArch'
BUILD COMMAND: make -C ../ -f Makefile.emulatorjs HAVE_7ZIP=1 HAVE_CHD=1 HAVE_THREADS=1 PTHREAD_POOL_SIZE=4 ASYNC=1 HAVE_OPENGLES3=1 STACK_SIZE=4194304 INITIAL_HEAP=134217728 TARGET=crocods_libretro.js -j8
make: Entering directory '/home/runner/ejs-runner/_work/build/build/compile/RetroArch'
CC version_git.c
CC frontend/frontend_driver.c
CC retroarch.c
CC runloop.c
CC ui/ui_companion_driver.c
CC camera/camera_driver.c
CC record/record_driver.c
CC record/drivers/record_wav.c
CC command.c
CC msg_hash.c
CC intl/msg_hash_us.c
CC libretro-common/queues/task_queue.c
CC tasks/task_content.c
CC tasks/task_patch.c
CC save.c
CC tasks/task_save.c
CC tasks/task_movie.c
CC tasks/task_file_transfer.c
CC tasks/task_image.c
CC tasks/task_playlist_manager.c
CC tasks/task_manual_content_scan.c
CC tasks/task_core_backup.c
CC libretro-common/encodings/encoding_utf.c
CC libretro-common/encodings/encoding_crc32.c
CC libretro-common/encodings/encoding_base64.c
CC libretro-common/compat/fopen_utf8.c
CC libretro-common/compat/compat_strldup.c
CC libretro-common/lists/file_list.c
CC libretro-common/lists/dir_list.c
CC libretro-common/file/retro_dirent.c
CC libretro-common/streams/stdin_stream.c
CC libretro-common/streams/file_stream.c
CC libretro-common/streams/file_stream_transforms.c
CC libretro-common/streams/interface_stream.c
CC libretro-common/streams/memory_stream.c
CC libretro-common/streams/network_stream.c
CC libretro-common/vfs/vfs_implementation.c
CC libretro-common/lists/string_list.c
CC libretro-common/string/stdstring.c
CC libretro-common/memmap/memalign.c
CC libretro-common/file/nbio/nbio_stdio.c
CC libretro-common/lists/linked_list.c
CC libretro-common/lists/nested_list.c
CC libretro-common/queues/generic_queue.c
CC libretro-common/file/nbio/nbio_intf.c
CC libretro-common/file/file_path.c
CC libretro-common/file/file_path_io.c
CC file_path_special.c
CC libretro-common/hash/lrc_hash.c
CC audio/audio_driver.c
CC input/input_driver.c
CC input/common/input_hid_common.c
CC led/led_driver.c
CC gfx/video_driver.c
CC gfx/gfx_display.c
CC gfx/gfx_animation.c
CC configuration.c
CC libretro-common/dynamic/dylib.c
CC cores/dynamic_dummy.c
CC libretro-common/queues/message_queue.c
CC gfx/gfx_thumbnail_path.c
CC gfx/gfx_thumbnail.c
CC state_manager.c
CC gfx/drivers_font_renderer/bitmapfont.c
CC gfx/drivers_font_renderer/bitmapfont_10x10.c
CC gfx/drivers_font_renderer/bitmapfont_6x10.c
CC tasks/task_autodetect.c
CC input/input_autodetect_builtin.c
CC input/input_keymaps.c
CC libretro-common/queues/fifo_queue.c
CC libretro-common/compat/compat_fnmatch.c
CC libretro-common/compat/compat_posix_string.c
CC cheat_manager.c
CC core_info.c
CC core_backup.c
CC core_option_manager.c
CC libretro-common/file/config_file.c
CC libretro-common/file/config_file_userdata.c
CC runtime_file.c
CC disk_index_file.c
CC tasks/task_screenshot.c
CC tasks/task_powerstate.c
CC libretro-common/gfx/scaler/scaler.c
CC libretro-common/gfx/scaler/pixconv.c
CC libretro-common/gfx/scaler/scaler_int.c
CC libretro-common/gfx/scaler/scaler_filter.c
CC gfx/font_driver.c
CC gfx/video_filter.c
CC libretro-common/audio/resampler/audio_resampler.c
CC libretro-common/audio/dsp_filter.c
CC libretro-common/audio/resampler/drivers/sinc_resampler.c
CC libretro-common/utils/md5.c
CC playlist.c
CC libretro-common/features/features_cpu.c
CC verbosity.c
CC libretro-common/playlists/label_sanitization.c
CC libretro-common/time/rtime.c
CC manual_content_scan.c
CC disk_control_interface.c
CC tasks/task_audio_mixer.c
CC libretro-common/audio/audio_mix.c
CC libretro-common/audio/audio_mixer.c
CC input/bsv/bsvmovie.c
CC audio/drivers_resampler/cc_resampler.c
CC libretro-common/compat/compat_getopt.c
CC libretro-common/compat/compat_strcasestr.c
CC libretro-common/compat/compat_strl.c
CC libretro-common/formats/image_texture.c
CC libretro-db/bintree.c
CC libretro-db/libretrodb.c
CC libretro-db/query.c
CC libretro-db/rmsgpack.c
CC libretro-db/rmsgpack_dom.c
CC database_info.c
CC tasks/task_database.c
CC tasks/task_database_cue.c
CC menu/menu_explore.c
CC tasks/task_menu_explore.c
CC input/drivers/emulatorjs_input.c
CC frontend/drivers/platform_emulatorjs.c
CC audio/drivers/openal.c
CC libretro-common/audio/conversion/s16_to_float.c
CC libretro-common/audio/conversion/float_to_s16.c
CC libretro-common/audio/conversion/mono_to_stereo_float.c
CC libretro-common/audio/conversion/stereo_to_mono_float.c
CC menu/drivers/rgui.c
CC menu/drivers/materialui.c
CC menu/drivers/xmb.c
CC menu/drivers/ozone.c
CC menu/menu_screensaver.c
CC menu/menu_setting.c
CC menu/menu_driver.c
CC menu/cbs/menu_cbs_ok.c
CC menu/cbs/menu_cbs_cancel.c
CC menu/cbs/menu_cbs_select.c
CC menu/cbs/menu_cbs_start.c
CC menu/cbs/menu_cbs_info.c
CC menu/cbs/menu_cbs_left.c
CC menu/cbs/menu_cbs_right.c
CC menu/cbs/menu_cbs_deferred_push.c
CC menu/cbs/menu_cbs_scan.c
CC menu/cbs/menu_cbs_get_value.c
CC menu/cbs/menu_cbs_label.c
CC menu/cbs/menu_cbs_sublabel.c
CC menu/cbs/menu_cbs_title.c
CC menu/menu_displaylist.c
CC menu/menu_contentless_cores.c
CC gfx/gfx_widgets.c
CC gfx/widgets/gfx_widget_screenshot.c
CC gfx/widgets/gfx_widget_volume.c
CC gfx/widgets/gfx_widget_generic_message.c
CC gfx/widgets/gfx_widget_libretro_message.c
CC gfx/widgets/gfx_widget_progress_message.c
CC gfx/widgets/gfx_widget_load_content_animation.c
CC tasks/task_overlay.c
CC led/drivers/led_overlay.c
CC gfx/drivers_font_renderer/stb.c
CC gfx/drivers_font_renderer/stb_unicode.c
CC libretro-common/rthreads/rthreads.c
CC gfx/video_thread_wrapper.c
CC audio/audio_thread_wrapper.c
CC libretro-common/formats/xml/rxml.c
CC libretro-common/formats/logiqx_dat/logiqx_dat.c
CC deps/yxml/yxml.c
CC gfx/drivers_context/gfx_null_ctx.c
CC gfx/common/gl_common.c
CC gfx/drivers/gl2.c
CC libretro-common/gfx/gl_capabilities.c
CC libretro-common/glsym/rglgen.c
CC gfx/drivers_context/emscriptenwebgl_ctx.c
CC libretro-common/glsym/glsym_es3.c
CC gfx/drivers_shader/shader_glsl.c
CC gfx/video_shader_parse.c
CC libretro-common/file/archive_file.c
CC libretro-common/streams/trans_stream.c
CC libretro-common/streams/trans_stream_pipe.c
CC libretro-common/file/archive_file_7z.c
CC deps/7zip/7zArcIn.c
CC deps/7zip/7zBuf.c
CC deps/7zip/7zCrc.c
CC deps/7zip/7zCrcOpt.c
CC deps/7zip/7zDec.c
CC deps/7zip/CpuArch.c
CC deps/7zip/Delta.c
CC deps/7zip/LzFind.c
CC deps/7zip/LzmaDec.c
CC deps/7zip/Lzma2Dec.c
CC deps/7zip/LzmaEnc.c
CC deps/7zip/Bra.c
CC deps/7zip/Bra86.c
CC deps/7zip/BraIA64.c
CC deps/7zip/Bcj2.c
CC deps/7zip/7zFile.c
CC deps/7zip/7zStream.c
CC deps/ibxm/ibxm.c
CC libretro-common/file/archive_file_zlib.c
CC libretro-common/streams/trans_stream_zlib.c
CC libretro-common/streams/rzip_stream.c
CC libretro-common/formats/libchdr/libchdr_bitstream.c
CC libretro-common/formats/libchdr/libchdr_cdrom.c
CC libretro-common/formats/libchdr/libchdr_chd.c
CC libretro-common/formats/libchdr/libchdr_huffman.c
CC libretro-common/streams/chd_stream.c
CC libretro-common/formats/libchdr/libchdr_zlib.c
CC libretro-common/formats/libchdr/libchdr_lzma.c
CC libretro-common/formats/png/rpng.c
CC libretro-common/formats/png/rpng_encode.c
CC libretro-common/formats/bmp/rbmp_encode.c
CC libretro-common/formats/json/rjson.c
CC libretro-common/formats/image_transfer.c
CC libretro-common/formats/m3u/m3u_file.c
CC libretro-common/net/net_compat.c
CC libretro-common/net/net_http.c
CC libretro-common/net/net_http_parse.c
CC libretro-common/net/net_socket.c
CC core_updater_list.c
CC network/natt.c
CC tasks/task_netplay_lan_scan.c
CC tasks/task_netplay_nat_traversal.c
CC tasks/task_netplay_find_content.c
CC tasks/task_http_emscripten.c
CC tasks/task_pl_thumbnail_download.c
CC tasks/task_core_updater.c
CC network/netplay/netplay_frontend.c
CC network/netplay/netplay_room_parse.c
CC tasks/task_decompress.c
CC gfx/video_filters/2xsai.c
CC gfx/video_filters/super2xsai.c
CC gfx/video_filters/supereagle.c
CC gfx/video_filters/2xbr.c
CC gfx/video_filters/darken.c
CC gfx/video_filters/epx.c
CC gfx/video_filters/scale2x.c
CC gfx/video_filters/blargg_ntsc_snes.c
CC gfx/video_filters/lq2x.c
CC gfx/video_filters/phosphor2x.c
CC gfx/video_filters/normal2x.c
CC gfx/video_filters/normal2x_width.c
CC gfx/video_filters/normal2x_height.c
CC gfx/video_filters/normal4x.c
CC gfx/video_filters/scanline2x.c
CC gfx/video_filters/grid2x.c
CC gfx/video_filters/grid3x.c
CC gfx/video_filters/gameboy3x.c
CC gfx/video_filters/gameboy4x.c
CC gfx/video_filters/dot_matrix_3x.c
CC gfx/video_filters/dot_matrix_4x.c
CC gfx/video_filters/upscale_1_5x.c
CC gfx/video_filters/upscale_1_66x_fast.c
CC gfx/video_filters/upscale_256x_320x240.c
CC gfx/video_filters/picoscale_256x_320x240.c
CC gfx/video_filters/upscale_240x160_320x240.c
CC gfx/video_filters/upscale_mix_240x160_320x240.c
CC libretro-common/audio/dsp_filters/chorus.c
CC libretro-common/audio/dsp_filters/crystalizer.c
CC libretro-common/audio/dsp_filters/echo.c
CC libretro-common/audio/dsp_filters/eq.c
CC libretro-common/audio/dsp_filters/iir.c
CC libretro-common/audio/dsp_filters/panning.c
CC libretro-common/audio/dsp_filters/phaser.c
CC libretro-common/audio/dsp_filters/reverb.c
CC libretro-common/audio/dsp_filters/tremolo.c
CC libretro-common/audio/dsp_filters/vibrato.c
CC libretro-common/audio/dsp_filters/wahwah.c
LD crocods_libretro.js <obj> libretro_emscripten.a -s USE_ZLIB=1 -lm -L. --no-heap-copy -s USE_ZLIB=1 -s STACK_SIZE=4194304 -s INITIAL_MEMORY=134217728 -s NO_EXIT_RUNTIME=1 -s EXPORTED_RUNTIME_METHODS=Browser,callMain,cwrap,getValue,HEAPU8,FS,PATH,ERRNO_CODES,AL,abort,ENV,stringToNewUTF8,UTF8ToString,Browser,EmscriptenSendCommand,EmscriptenReceiveCommandReply,EmulatorJSGetState -s ALLOW_MEMORY_GROWTH=1 -s EXPORTED_FUNCTIONS=_main,_malloc,_free,_load_state, _ejs_set_variable,_simulate_input,_shader_enable,_save_state_info,_set_cheat,_cmd_take_screenshot, _system_restart,_cmd_savefiles,_get_core_options,_cmd_save_state,_supports_states,_reset_cheat,_toggleMainLoop, _save_file_path,_get_disk_count,_set_current_disk,_get_current_disk,_refresh_save_files,_toggle_fastforward,_set_ff_ratio, _toggle_slow_motion,_set_sm_ratio,_toggle_rewind,_set_rewind_granularity,_get_current_frame_count,_ejs_set_keyboard_enabled, _set_vsync,_set_video_rotation,_get_video_dimensions,EmscriptenSendCommand,EmscriptenReceiveCommandReply -s ERROR_ON_UNDEFINED_SYMBOLS=0 -lidbfs.js -s MODULARIZE=1 -s EXPORT_NAME=EJS_Runtime -s ENVIRONMENT=web,worker -s WASM_BIGINT=1 --extern-pre-js emscripten/pre.js --js-library emscripten/library_rwebcam.js --js-library emscripten/library_platform_emscripten.js --js-library emscripten/emulatorjs.js -s FULL_ES3=1 -s MIN_WEBGL_VERSION=2 -s MAX_WEBGL_VERSION=2 -lopenal -lopenal -s MAXIMUM_MEMORY=4294967296 -pthread -s PTHREAD_POOL_SIZE=4 -s ASYNCIFY=1 -s ASYNCIFY_STACK_SIZE=8192 -O3
make: Leaving directory '/home/runner/ejs-runner/_work/build/build/compile/RetroArch'

7-Zip [64] 16.02 : Copyright (c) 1999-2016 Igor Pavlov : 2016-05-21
p7zip Version 16.02 (locale=en_AU.UTF-8,Utf16=on,HugeFiles=on,64 bits,8 CPUs 11th Gen Intel(R) Core(TM) i5-11600 @ 2.80GHz (A0671),ASM,AES-NI)

Scanning the drive:
2 files, 4677287 bytes (4568 KiB)

Creating archive: ../../EmulatorJS/data/cores/crocods-thread-wasm.data

Items to compress: 2


Files read from disk: 2
Archive size: 1052042 bytes (1028 KiB)
Everything is Ok
make: Entering directory '/home/runner/ejs-runner/_work/build/build/compile/RetroArch'
rm -rf obj-emscripten
rm -f retroarch.js
make: Leaving directory '/home/runner/ejs-runner/_work/build/build/compile/RetroArch'
-- Building core: crocods --
NAME: crocods
ASYNC: 1
HAVE_THREADS: 1
PTHREAD_POOL_SIZE: 4
GLES3: 0
STACK_SIZE: 4194304
INITIAL_HEAP: 134217728
HAVE_CHD: 1
HAVE_7ZIP: 1
BUILD COMMAND: make -C ../ -f Makefile.emulatorjs HAVE_7ZIP=1 HAVE_CHD=1 HAVE_THREADS=1 PTHREAD_POOL_SIZE=4 ASYNC=1 HAVE_OPENGLES3=0 STACK_SIZE=4194304 INITIAL_HEAP=134217728 TARGET=crocods_libretro.js -j8
make: Entering directory '/home/runner/ejs-runner/_work/build/build/compile/RetroArch'
CC version_git.c
CC frontend/frontend_driver.c
CC retroarch.c
CC runloop.c
CC ui/ui_companion_driver.c
CC camera/camera_driver.c
CC record/record_driver.c
CC record/drivers/record_wav.c
CC command.c
CC msg_hash.c
CC intl/msg_hash_us.c
CC libretro-common/queues/task_queue.c
CC tasks/task_content.c
CC tasks/task_patch.c
CC save.c
CC tasks/task_save.c
CC tasks/task_movie.c
CC tasks/task_file_transfer.c
CC tasks/task_image.c
CC tasks/task_playlist_manager.c
CC tasks/task_manual_content_scan.c
CC tasks/task_core_backup.c
CC libretro-common/encodings/encoding_utf.c
CC libretro-common/encodings/encoding_crc32.c
CC libretro-common/encodings/encoding_base64.c
CC libretro-common/compat/fopen_utf8.c
CC libretro-common/compat/compat_strldup.c
CC libretro-common/lists/file_list.c
CC libretro-common/lists/dir_list.c
CC libretro-common/file/retro_dirent.c
CC libretro-common/streams/stdin_stream.c
CC libretro-common/streams/file_stream.c
CC libretro-common/streams/file_stream_transforms.c
CC libretro-common/streams/interface_stream.c
CC libretro-common/streams/memory_stream.c
CC libretro-common/streams/network_stream.c
CC libretro-common/vfs/vfs_implementation.c
CC libretro-common/lists/string_list.c
CC libretro-common/string/stdstring.c
CC libretro-common/memmap/memalign.c
CC libretro-common/file/nbio/nbio_stdio.c
CC libretro-common/lists/linked_list.c
CC libretro-common/lists/nested_list.c
CC libretro-common/queues/generic_queue.c
CC libretro-common/file/nbio/nbio_intf.c
CC libretro-common/file/file_path.c
CC libretro-common/file/file_path_io.c
CC file_path_special.c
CC libretro-common/hash/lrc_hash.c
CC audio/audio_driver.c
CC input/input_driver.c
CC input/common/input_hid_common.c
CC led/led_driver.c
CC gfx/video_driver.c
CC gfx/gfx_display.c
CC gfx/gfx_animation.c
CC configuration.c
CC libretro-common/dynamic/dylib.c
CC cores/dynamic_dummy.c
CC libretro-common/queues/message_queue.c
CC gfx/gfx_thumbnail_path.c
CC gfx/gfx_thumbnail.c
CC state_manager.c
CC gfx/drivers_font_renderer/bitmapfont.c
CC gfx/drivers_font_renderer/bitmapfont_10x10.c
CC gfx/drivers_font_renderer/bitmapfont_6x10.c
CC tasks/task_autodetect.c
CC input/input_autodetect_builtin.c
CC input/input_keymaps.c
CC libretro-common/queues/fifo_queue.c
CC libretro-common/compat/compat_fnmatch.c
CC libretro-common/compat/compat_posix_string.c
CC cheat_manager.c
CC core_info.c
CC core_backup.c
CC core_option_manager.c
CC libretro-common/file/config_file.c
CC libretro-common/file/config_file_userdata.c
CC runtime_file.c
CC disk_index_file.c
CC tasks/task_screenshot.c
CC tasks/task_powerstate.c
CC libretro-common/gfx/scaler/scaler.c
CC libretro-common/gfx/scaler/pixconv.c
CC libretro-common/gfx/scaler/scaler_int.c
CC libretro-common/gfx/scaler/scaler_filter.c
CC gfx/font_driver.c
CC gfx/video_filter.c
CC libretro-common/audio/resampler/audio_resampler.c
CC libretro-common/audio/dsp_filter.c
CC libretro-common/audio/resampler/drivers/sinc_resampler.c
CC libretro-common/utils/md5.c
CC playlist.c
CC libretro-common/features/features_cpu.c
CC verbosity.c
CC libretro-common/playlists/label_sanitization.c
CC libretro-common/time/rtime.c
CC manual_content_scan.c
CC disk_control_interface.c
CC tasks/task_audio_mixer.c
CC libretro-common/audio/audio_mix.c
CC libretro-common/audio/audio_mixer.c
CC input/bsv/bsvmovie.c
CC audio/drivers_resampler/cc_resampler.c
CC libretro-common/compat/compat_getopt.c
CC libretro-common/compat/compat_strcasestr.c
CC libretro-common/compat/compat_strl.c
CC libretro-common/formats/image_texture.c
CC libretro-db/bintree.c
CC libretro-db/libretrodb.c
CC libretro-db/query.c
CC libretro-db/rmsgpack.c
CC libretro-db/rmsgpack_dom.c
CC database_info.c
CC tasks/task_database.c
CC tasks/task_database_cue.c
CC menu/menu_explore.c
CC tasks/task_menu_explore.c
CC input/drivers/emulatorjs_input.c
CC frontend/drivers/platform_emulatorjs.c
CC audio/drivers/openal.c
CC libretro-common/audio/conversion/s16_to_float.c
CC libretro-common/audio/conversion/float_to_s16.c
CC libretro-common/audio/conversion/mono_to_stereo_float.c
CC libretro-common/audio/conversion/stereo_to_mono_float.c
CC menu/drivers/rgui.c
CC menu/drivers/materialui.c
CC menu/drivers/xmb.c
CC menu/drivers/ozone.c
CC menu/menu_screensaver.c
CC menu/menu_setting.c
CC menu/menu_driver.c
CC menu/cbs/menu_cbs_ok.c
CC menu/cbs/menu_cbs_cancel.c
CC menu/cbs/menu_cbs_select.c
CC menu/cbs/menu_cbs_start.c
CC menu/cbs/menu_cbs_info.c
CC menu/cbs/menu_cbs_left.c
CC menu/cbs/menu_cbs_right.c
CC menu/cbs/menu_cbs_deferred_push.c
CC menu/cbs/menu_cbs_scan.c
CC menu/cbs/menu_cbs_get_value.c
CC menu/cbs/menu_cbs_label.c
CC menu/cbs/menu_cbs_sublabel.c
CC menu/cbs/menu_cbs_title.c
CC menu/menu_displaylist.c
CC menu/menu_contentless_cores.c
CC gfx/gfx_widgets.c
CC gfx/widgets/gfx_widget_screenshot.c
CC gfx/widgets/gfx_widget_volume.c
CC gfx/widgets/gfx_widget_generic_message.c
CC gfx/widgets/gfx_widget_libretro_message.c
CC gfx/widgets/gfx_widget_progress_message.c
CC gfx/widgets/gfx_widget_load_content_animation.c
CC tasks/task_overlay.c
CC led/drivers/led_overlay.c
CC gfx/drivers_font_renderer/stb.c
CC gfx/drivers_font_renderer/stb_unicode.c
CC libretro-common/rthreads/rthreads.c
CC gfx/video_thread_wrapper.c
CC audio/audio_thread_wrapper.c
CC libretro-common/formats/xml/rxml.c
CC libretro-common/formats/logiqx_dat/logiqx_dat.c
CC deps/yxml/yxml.c
CC gfx/drivers_context/gfx_null_ctx.c
CC gfx/common/gl_common.c
CC gfx/drivers/gl2.c
CC libretro-common/gfx/gl_capabilities.c
CC libretro-common/glsym/rglgen.c
CC gfx/drivers_context/emscriptenwebgl_ctx.c
CC libretro-common/glsym/glsym_es2.c
CC gfx/drivers_shader/shader_glsl.c
CC gfx/video_shader_parse.c
CC libretro-common/file/archive_file.c
CC libretro-common/streams/trans_stream.c
CC libretro-common/streams/trans_stream_pipe.c
CC libretro-common/file/archive_file_7z.c
CC deps/7zip/7zArcIn.c
CC deps/7zip/7zBuf.c
CC deps/7zip/7zCrc.c
CC deps/7zip/7zCrcOpt.c
CC deps/7zip/7zDec.c
CC deps/7zip/CpuArch.c
CC deps/7zip/Delta.c
CC deps/7zip/LzFind.c
CC deps/7zip/LzmaDec.c
CC deps/7zip/Lzma2Dec.c
CC deps/7zip/LzmaEnc.c
CC deps/7zip/Bra.c
CC deps/7zip/Bra86.c
CC deps/7zip/BraIA64.c
CC deps/7zip/Bcj2.c
CC deps/7zip/7zFile.c
CC deps/7zip/7zStream.c
CC deps/ibxm/ibxm.c
CC libretro-common/file/archive_file_zlib.c
CC libretro-common/streams/trans_stream_zlib.c
CC libretro-common/streams/rzip_stream.c
CC libretro-common/formats/libchdr/libchdr_bitstream.c
CC libretro-common/formats/libchdr/libchdr_cdrom.c
CC libretro-common/formats/libchdr/libchdr_chd.c
CC libretro-common/formats/libchdr/libchdr_huffman.c
CC libretro-common/streams/chd_stream.c
CC libretro-common/formats/libchdr/libchdr_zlib.c
CC libretro-common/formats/libchdr/libchdr_lzma.c
CC libretro-common/formats/png/rpng_encode.c
CC libretro-common/formats/png/rpng.c
CC libretro-common/formats/bmp/rbmp_encode.c
CC libretro-common/formats/json/rjson.c
CC libretro-common/formats/image_transfer.c
CC libretro-common/formats/m3u/m3u_file.c
CC libretro-common/net/net_compat.c
CC libretro-common/net/net_http.c
CC libretro-common/net/net_http_parse.c
CC libretro-common/net/net_socket.c
CC core_updater_list.c
CC network/natt.c
CC tasks/task_netplay_lan_scan.c
CC tasks/task_netplay_nat_traversal.c
CC tasks/task_netplay_find_content.c
CC tasks/task_http_emscripten.c
CC tasks/task_pl_thumbnail_download.c
CC tasks/task_core_updater.c
CC network/netplay/netplay_frontend.c
CC network/netplay/netplay_room_parse.c
CC tasks/task_decompress.c
CC gfx/video_filters/2xsai.c
CC gfx/video_filters/super2xsai.c
CC gfx/video_filters/supereagle.c
CC gfx/video_filters/2xbr.c
CC gfx/video_filters/darken.c
CC gfx/video_filters/epx.c
CC gfx/video_filters/scale2x.c
CC gfx/video_filters/blargg_ntsc_snes.c
CC gfx/video_filters/lq2x.c
CC gfx/video_filters/phosphor2x.c
CC gfx/video_filters/normal2x.c
CC gfx/video_filters/normal2x_width.c
CC gfx/video_filters/normal2x_height.c
CC gfx/video_filters/normal4x.c
CC gfx/video_filters/scanline2x.c
CC gfx/video_filters/grid2x.c
CC gfx/video_filters/grid3x.c
CC gfx/video_filters/gameboy3x.c
CC gfx/video_filters/gameboy4x.c
CC gfx/video_filters/dot_matrix_3x.c
CC gfx/video_filters/dot_matrix_4x.c
CC gfx/video_filters/upscale_1_5x.c
CC gfx/video_filters/upscale_1_66x_fast.c
CC gfx/video_filters/upscale_256x_320x240.c
CC gfx/video_filters/picoscale_256x_320x240.c
CC gfx/video_filters/upscale_240x160_320x240.c
CC gfx/video_filters/upscale_mix_240x160_320x240.c
CC libretro-common/audio/dsp_filters/chorus.c
CC libretro-common/audio/dsp_filters/crystalizer.c
CC libretro-common/audio/dsp_filters/echo.c
CC libretro-common/audio/dsp_filters/eq.c
CC libretro-common/audio/dsp_filters/iir.c
CC libretro-common/audio/dsp_filters/panning.c
CC libretro-common/audio/dsp_filters/phaser.c
CC libretro-common/audio/dsp_filters/reverb.c
CC libretro-common/audio/dsp_filters/tremolo.c
CC libretro-common/audio/dsp_filters/vibrato.c
CC libretro-common/audio/dsp_filters/wahwah.c
LD crocods_libretro.js <obj> libretro_emscripten.a -s USE_ZLIB=1 -lm -L. --no-heap-copy -s USE_ZLIB=1 -s STACK_SIZE=4194304 -s INITIAL_MEMORY=134217728 -s NO_EXIT_RUNTIME=1 -s EXPORTED_RUNTIME_METHODS=Browser,callMain,cwrap,getValue,HEAPU8,FS,PATH,ERRNO_CODES,AL,abort,ENV,stringToNewUTF8,UTF8ToString,Browser,EmscriptenSendCommand,EmscriptenReceiveCommandReply,EmulatorJSGetState -s ALLOW_MEMORY_GROWTH=1 -s EXPORTED_FUNCTIONS=_main,_malloc,_free,_load_state, _ejs_set_variable,_simulate_input,_shader_enable,_save_state_info,_set_cheat,_cmd_take_screenshot, _system_restart,_cmd_savefiles,_get_core_options,_cmd_save_state,_supports_states,_reset_cheat,_toggleMainLoop, _save_file_path,_get_disk_count,_set_current_disk,_get_current_disk,_refresh_save_files,_toggle_fastforward,_set_ff_ratio, _toggle_slow_motion,_set_sm_ratio,_toggle_rewind,_set_rewind_granularity,_get_current_frame_count,_ejs_set_keyboard_enabled, _set_vsync,_set_video_rotation,_get_video_dimensions,EmscriptenSendCommand,EmscriptenReceiveCommandReply -s ERROR_ON_UNDEFINED_SYMBOLS=0 -lidbfs.js -s MODULARIZE=1 -s EXPORT_NAME=EJS_Runtime -s ENVIRONMENT=web,worker -s WASM_BIGINT=1 --extern-pre-js emscripten/pre.js --js-library emscripten/library_rwebcam.js --js-library emscripten/library_platform_emscripten.js --js-library emscripten/emulatorjs.js -s FULL_ES2=1 -s MIN_WEBGL_VERSION=1 -s MAX_WEBGL_VERSION=2 -lopenal -lopenal -s MAXIMUM_MEMORY=4294967296 -pthread -s PTHREAD_POOL_SIZE=4 -s ASYNCIFY=1 -s ASYNCIFY_STACK_SIZE=8192 -O3
make: Leaving directory '/home/runner/ejs-runner/_work/build/build/compile/RetroArch'

7-Zip [64] 16.02 : Copyright (c) 1999-2016 Igor Pavlov : 2016-05-21
p7zip Version 16.02 (locale=en_AU.UTF-8,Utf16=on,HugeFiles=on,64 bits,8 CPUs 11th Gen Intel(R) Core(TM) i5-11600 @ 2.80GHz (A0671),ASM,AES-NI)

Scanning the drive:
2 files, 4673907 bytes (4565 KiB)

Creating archive: ../../EmulatorJS/data/cores/crocods-thread-legacy-wasm.data

Items to compress: 2


Files read from disk: 2
Archive size: 1051793 bytes (1028 KiB)
Everything is Ok
