Already up to date.
Building dosbox_pure_libretro.so with RELEASE configuration (obj files stored in build/release) ...
Removing all build files ...
Building dosbox_pure_libretro_emscripten.bc with RELEASE configuration (obj files stored in build/release) ...
Compiling dosbox_pure_libretro.cpp ...
Compiling keyb2joypad.cpp ...
Compiling src/dbp_network.cpp ...
Compiling src/dbp_serialize.cpp ...
Compiling src/dosbox.cpp ...
Compiling src/cpu/callback.cpp ...
Compiling src/cpu/core_dynrec.cpp ...
Compiling src/cpu/core_dyn_x86.cpp ...
Compiling src/cpu/core_full.cpp ...
Compiling src/cpu/core_normal.cpp ...
Compiling src/cpu/core_prefetch.cpp ...
Compiling src/cpu/core_simple.cpp ...
Compiling src/cpu/cpu.cpp ...
Compiling src/cpu/flags.cpp ...
Compiling src/cpu/modrm.cpp ...
Compiling src/cpu/paging.cpp ...
Compiling src/dos/cdrom.cpp ...
Compiling src/dos/cdrom_image.cpp ...
Compiling src/dos/dos_classes.cpp ...
Compiling src/dos/dos.cpp ...
Compiling src/dos/dos_devices.cpp ...
Compiling src/dos/dos_execute.cpp ...
Compiling src/dos/dos_files.cpp ...
Compiling src/dos/dos_ioctl.cpp ...
Compiling src/dos/dos_keyboard_layout.cpp ...
Compiling src/dos/dos_memory.cpp ...
Compiling src/dos/dos_misc.cpp ...
Compiling src/dos/dos_mscdex.cpp ...
Compiling src/dos/dos_programs.cpp ...
Compiling src/dos/dos_tables.cpp ...
Compiling src/dos/drive_cache.cpp ...
Compiling src/dos/drive_fat.cpp ...
Compiling src/dos/drive_iso.cpp ...
Compiling src/dos/drive_local.cpp ...
Compiling src/dos/drive_memory.cpp ...
Compiling src/dos/drive_mirror.cpp ...
Compiling src/dos/drive_overlay.cpp ...
Compiling src/dos/drive_patch.cpp ...
Compiling src/dos/drives.cpp ...
Compiling src/dos/drive_union.cpp ...
Compiling src/dos/drive_virtual.cpp ...
Compiling src/dos/drive_zip.cpp ...
Compiling src/fpu/fpu.cpp ...
Compiling src/gui/midi.cpp ...
Compiling src/gui/render.cpp ...
Compiling src/gui/render_scalers.cpp ...
Compiling src/hardware/adlib.cpp ...
Compiling src/hardware/cmos.cpp ...
Compiling src/hardware/dbopl.cpp ...
Compiling src/hardware/disney.cpp ...
Compiling src/hardware/dma.cpp ...
Compiling src/hardware/gameblaster.cpp ...
Compiling src/hardware/gus.cpp ...
Compiling src/hardware/hardware.cpp ...
Compiling src/hardware/ide.cpp ...
Compiling src/hardware/iohandler.cpp ...
Compiling src/hardware/joystick.cpp ...
Compiling src/hardware/keyboard.cpp ...
Compiling src/hardware/memory.cpp ...
Compiling src/hardware/mixer.cpp ...
Compiling src/hardware/mpu401.cpp ...
Compiling src/hardware/nukedopl3.cpp ...
Compiling src/hardware/pci_bus.cpp ...
Compiling src/hardware/pcspeaker.cpp ...
Compiling src/hardware/pic.cpp ...
Compiling src/hardware/sblaster.cpp ...
Compiling src/hardware/tandy_sound.cpp ...
Compiling src/hardware/timer.cpp ...
Compiling src/hardware/vga_attr.cpp ...
Compiling src/hardware/vga.cpp ...
Compiling src/hardware/vga_crtc.cpp ...
Compiling src/hardware/vga_dac.cpp ...
Compiling src/hardware/vga_draw.cpp ...
Compiling src/hardware/vga_gfx.cpp ...
Compiling src/hardware/vga_memory.cpp ...
Compiling src/hardware/vga_misc.cpp ...
Compiling src/hardware/vga_other.cpp ...
Compiling src/hardware/vga_paradise.cpp ...
Compiling src/hardware/vga_s3.cpp ...
Compiling src/hardware/vga_seq.cpp ...
Compiling src/hardware/vga_tseng.cpp ...
Compiling src/hardware/vga_xga.cpp ...
Compiling src/hardware/voodoo.cpp ...
Compiling src/ints/bios.cpp ...
Compiling src/ints/bios_disk.cpp ...
Compiling src/ints/bios_keyboard.cpp ...
Compiling src/ints/ems.cpp ...
Compiling src/ints/int10_char.cpp ...
Compiling src/ints/int10.cpp ...
Compiling src/ints/int10_memory.cpp ...
Compiling src/ints/int10_misc.cpp ...
Compiling src/ints/int10_modes.cpp ...
Compiling src/ints/int10_pal.cpp ...
Compiling src/ints/int10_put_pixel.cpp ...
Compiling src/ints/int10_vesa.cpp ...
Compiling src/ints/int10_video_state.cpp ...
Compiling src/ints/int10_vptable.cpp ...
Compiling src/ints/mouse.cpp ...
Compiling src/ints/xms.cpp ...
Compiling src/misc/cross.cpp ...
Compiling src/misc/messages.cpp ...
Compiling src/misc/programs.cpp ...
Compiling src/misc/setup.cpp ...
Compiling src/misc/support.cpp ...
Compiling src/shell/shell_batch.cpp ...
Compiling src/shell/shell_cmds.cpp ...
Compiling src/shell/shell.cpp ...
Compiling src/shell/shell_misc.cpp ...
Compiling src/hardware/mame/saa1099.cpp ...
Compiling src/hardware/mame/sn76496.cpp ...
Compiling src/hardware/serialport/serialdummy.cpp ...
Compiling src/hardware/serialport/serialport.cpp ...
Static linking dosbox_pure_libretro_emscripten.bc ...
/home/runner/ejs-runner/_work/build/build/emsdk/upstream/emscripten/emar rcs dosbox_pure_libretro_emscripten.bc build/release/dosbox_pure_libretro.cpp.o build/release/keyb2joypad.cpp.o build/release/src~dbp_network.cpp.o build/release/src~dbp_serialize.cpp.o build/release/src~dosbox.cpp.o build/release/src~cpu~callback.cpp.o build/release/src~cpu~core_dynrec.cpp.o build/release/src~cpu~core_dyn_x86.cpp.o build/release/src~cpu~core_full.cpp.o build/release/src~cpu~core_normal.cpp.o build/release/src~cpu~core_prefetch.cpp.o build/release/src~cpu~core_simple.cpp.o build/release/src~cpu~cpu.cpp.o build/release/src~cpu~flags.cpp.o build/release/src~cpu~modrm.cpp.o build/release/src~cpu~paging.cpp.o build/release/src~dos~cdrom.cpp.o build/release/src~dos~cdrom_image.cpp.o build/release/src~dos~dos_classes.cpp.o build/release/src~dos~dos.cpp.o build/release/src~dos~dos_devices.cpp.o build/release/src~dos~dos_execute.cpp.o build/release/src~dos~dos_files.cpp.o build/release/src~dos~dos_ioctl.cpp.o build/release/src~dos~dos_keyboard_layout.cpp.o build/release/src~dos~dos_memory.cpp.o build/release/src~dos~dos_misc.cpp.o build/release/src~dos~dos_mscdex.cpp.o build/release/src~dos~dos_programs.cpp.o build/release/src~dos~dos_tables.cpp.o build/release/src~dos~drive_cache.cpp.o build/release/src~dos~drive_fat.cpp.o build/release/src~dos~drive_iso.cpp.o build/release/src~dos~drive_local.cpp.o build/release/src~dos~drive_memory.cpp.o build/release/src~dos~drive_mirror.cpp.o build/release/src~dos~drive_overlay.cpp.o build/release/src~dos~drive_patch.cpp.o build/release/src~dos~drives.cpp.o build/release/src~dos~drive_union.cpp.o build/release/src~dos~drive_virtual.cpp.o build/release/src~dos~drive_zip.cpp.o build/release/src~fpu~fpu.cpp.o build/release/src~gui~midi.cpp.o build/release/src~gui~render.cpp.o build/release/src~gui~render_scalers.cpp.o build/release/src~hardware~adlib.cpp.o build/release/src~hardware~cmos.cpp.o build/release/src~hardware~dbopl.cpp.o build/release/src~hardware~disney.cpp.o build/release/src~hardware~dma.cpp.o build/release/src~hardware~gameblaster.cpp.o build/release/src~hardware~gus.cpp.o build/release/src~hardware~hardware.cpp.o build/release/src~hardware~ide.cpp.o build/release/src~hardware~iohandler.cpp.o build/release/src~hardware~joystick.cpp.o build/release/src~hardware~keyboard.cpp.o build/release/src~hardware~memory.cpp.o build/release/src~hardware~mixer.cpp.o build/release/src~hardware~mpu401.cpp.o build/release/src~hardware~nukedopl3.cpp.o build/release/src~hardware~pci_bus.cpp.o build/release/src~hardware~pcspeaker.cpp.o build/release/src~hardware~pic.cpp.o build/release/src~hardware~sblaster.cpp.o build/release/src~hardware~tandy_sound.cpp.o build/release/src~hardware~timer.cpp.o build/release/src~hardware~vga_attr.cpp.o build/release/src~hardware~vga.cpp.o build/release/src~hardware~vga_crtc.cpp.o build/release/src~hardware~vga_dac.cpp.o build/release/src~hardware~vga_draw.cpp.o build/release/src~hardware~vga_gfx.cpp.o build/release/src~hardware~vga_memory.cpp.o build/release/src~hardware~vga_misc.cpp.o build/release/src~hardware~vga_other.cpp.o build/release/src~hardware~vga_paradise.cpp.o build/release/src~hardware~vga_s3.cpp.o build/release/src~hardware~vga_seq.cpp.o build/release/src~hardware~vga_tseng.cpp.o build/release/src~hardware~vga_xga.cpp.o build/release/src~hardware~voodoo.cpp.o build/release/src~ints~bios.cpp.o build/release/src~ints~bios_disk.cpp.o build/release/src~ints~bios_keyboard.cpp.o build/release/src~ints~ems.cpp.o build/release/src~ints~int10_char.cpp.o build/release/src~ints~int10.cpp.o build/release/src~ints~int10_memory.cpp.o build/release/src~ints~int10_misc.cpp.o build/release/src~ints~int10_modes.cpp.o build/release/src~ints~int10_pal.cpp.o build/release/src~ints~int10_put_pixel.cpp.o build/release/src~ints~int10_vesa.cpp.o build/release/src~ints~int10_video_state.cpp.o build/release/src~ints~int10_vptable.cpp.o build/release/src~ints~mouse.cpp.o build/release/src~ints~xms.cpp.o build/release/src~misc~cross.cpp.o build/release/src~misc~messages.cpp.o build/release/src~misc~programs.cpp.o build/release/src~misc~setup.cpp.o build/release/src~misc~support.cpp.o build/release/src~shell~shell_batch.cpp.o build/release/src~shell~shell_cmds.cpp.o build/release/src~shell~shell.cpp.o build/release/src~shell~shell_misc.cpp.o build/release/src~hardware~mame~saa1099.cpp.o build/release/src~hardware~mame~sn76496.cpp.o build/release/src~hardware~serialport~serialdummy.cpp.o build/release/src~hardware~serialport~serialport.cpp.o
Building dosbox_pure_libretro.so with RELEASE configuration (obj files stored in build/release) ...
Removing all build files ...
Building dosbox_pure_libretro_emscripten.bc with RELEASE configuration (obj files stored in build/release) ...
Compiling dosbox_pure_libretro.cpp ...
Compiling keyb2joypad.cpp ...
Compiling src/dbp_network.cpp ...
Compiling src/dbp_serialize.cpp ...
Compiling src/dosbox.cpp ...
Compiling src/cpu/callback.cpp ...
Compiling src/cpu/core_dynrec.cpp ...
Compiling src/cpu/core_dyn_x86.cpp ...
Compiling src/cpu/core_full.cpp ...
Compiling src/cpu/core_normal.cpp ...
Compiling src/cpu/core_prefetch.cpp ...
Compiling src/cpu/core_simple.cpp ...
Compiling src/cpu/cpu.cpp ...
Compiling src/cpu/flags.cpp ...
Compiling src/cpu/modrm.cpp ...
Compiling src/cpu/paging.cpp ...
Compiling src/dos/cdrom.cpp ...
Compiling src/dos/cdrom_image.cpp ...
Compiling src/dos/dos_classes.cpp ...
Compiling src/dos/dos.cpp ...
Compiling src/dos/dos_devices.cpp ...
Compiling src/dos/dos_execute.cpp ...
Compiling src/dos/dos_files.cpp ...
Compiling src/dos/dos_ioctl.cpp ...
Compiling src/dos/dos_keyboard_layout.cpp ...
Compiling src/dos/dos_memory.cpp ...
Compiling src/dos/dos_misc.cpp ...
Compiling src/dos/dos_mscdex.cpp ...
Compiling src/dos/dos_programs.cpp ...
Compiling src/dos/dos_tables.cpp ...
Compiling src/dos/drive_cache.cpp ...
Compiling src/dos/drive_fat.cpp ...
Compiling src/dos/drive_iso.cpp ...
Compiling src/dos/drive_local.cpp ...
Compiling src/dos/drive_memory.cpp ...
Compiling src/dos/drive_mirror.cpp ...
Compiling src/dos/drive_overlay.cpp ...
Compiling src/dos/drive_patch.cpp ...
Compiling src/dos/drives.cpp ...
Compiling src/dos/drive_union.cpp ...
Compiling src/dos/drive_virtual.cpp ...
Compiling src/dos/drive_zip.cpp ...
Compiling src/fpu/fpu.cpp ...
Compiling src/gui/midi.cpp ...
Compiling src/gui/render.cpp ...
Compiling src/gui/render_scalers.cpp ...
Compiling src/hardware/adlib.cpp ...
Compiling src/hardware/cmos.cpp ...
Compiling src/hardware/dbopl.cpp ...
Compiling src/hardware/disney.cpp ...
Compiling src/hardware/dma.cpp ...
Compiling src/hardware/gameblaster.cpp ...
Compiling src/hardware/gus.cpp ...
Compiling src/hardware/hardware.cpp ...
Compiling src/hardware/ide.cpp ...
Compiling src/hardware/iohandler.cpp ...
Compiling src/hardware/joystick.cpp ...
Compiling src/hardware/keyboard.cpp ...
Compiling src/hardware/memory.cpp ...
Compiling src/hardware/mixer.cpp ...
Compiling src/hardware/mpu401.cpp ...
Compiling src/hardware/nukedopl3.cpp ...
Compiling src/hardware/pci_bus.cpp ...
Compiling src/hardware/pcspeaker.cpp ...
Compiling src/hardware/pic.cpp ...
Compiling src/hardware/sblaster.cpp ...
Compiling src/hardware/tandy_sound.cpp ...
Compiling src/hardware/timer.cpp ...
Compiling src/hardware/vga_attr.cpp ...
Compiling src/hardware/vga.cpp ...
Compiling src/hardware/vga_crtc.cpp ...
Compiling src/hardware/vga_dac.cpp ...
Compiling src/hardware/vga_draw.cpp ...
Compiling src/hardware/vga_gfx.cpp ...
Compiling src/hardware/vga_memory.cpp ...
Compiling src/hardware/vga_misc.cpp ...
Compiling src/hardware/vga_other.cpp ...
Compiling src/hardware/vga_paradise.cpp ...
Compiling src/hardware/vga_s3.cpp ...
Compiling src/hardware/vga_seq.cpp ...
Compiling src/hardware/vga_tseng.cpp ...
Compiling src/hardware/vga_xga.cpp ...
Compiling src/hardware/voodoo.cpp ...
Compiling src/ints/bios.cpp ...
Compiling src/ints/bios_disk.cpp ...
Compiling src/ints/bios_keyboard.cpp ...
Compiling src/ints/ems.cpp ...
Compiling src/ints/int10_char.cpp ...
Compiling src/ints/int10.cpp ...
Compiling src/ints/int10_memory.cpp ...
Compiling src/ints/int10_misc.cpp ...
Compiling src/ints/int10_modes.cpp ...
Compiling src/ints/int10_pal.cpp ...
Compiling src/ints/int10_put_pixel.cpp ...
Compiling src/ints/int10_vesa.cpp ...
Compiling src/ints/int10_video_state.cpp ...
Compiling src/ints/int10_vptable.cpp ...
Compiling src/ints/mouse.cpp ...
Compiling src/ints/xms.cpp ...
Compiling src/misc/cross.cpp ...
Compiling src/misc/messages.cpp ...
Compiling src/misc/programs.cpp ...
Compiling src/misc/setup.cpp ...
Compiling src/misc/support.cpp ...
Compiling src/shell/shell_batch.cpp ...
Compiling src/shell/shell_cmds.cpp ...
Compiling src/shell/shell.cpp ...
Compiling src/shell/shell_misc.cpp ...
Compiling src/hardware/mame/saa1099.cpp ...
Compiling src/hardware/mame/sn76496.cpp ...
Compiling src/hardware/serialport/serialdummy.cpp ...
Compiling src/hardware/serialport/serialport.cpp ...
Static linking dosbox_pure_libretro_emscripten.bc ...
/home/runner/ejs-runner/_work/build/build/emsdk/upstream/emscripten/emar rcs dosbox_pure_libretro_emscripten.bc build/release/dosbox_pure_libretro.cpp.o build/release/keyb2joypad.cpp.o build/release/src~dbp_network.cpp.o build/release/src~dbp_serialize.cpp.o build/release/src~dosbox.cpp.o build/release/src~cpu~callback.cpp.o build/release/src~cpu~core_dynrec.cpp.o build/release/src~cpu~core_dyn_x86.cpp.o build/release/src~cpu~core_full.cpp.o build/release/src~cpu~core_normal.cpp.o build/release/src~cpu~core_prefetch.cpp.o build/release/src~cpu~core_simple.cpp.o build/release/src~cpu~cpu.cpp.o build/release/src~cpu~flags.cpp.o build/release/src~cpu~modrm.cpp.o build/release/src~cpu~paging.cpp.o build/release/src~dos~cdrom.cpp.o build/release/src~dos~cdrom_image.cpp.o build/release/src~dos~dos_classes.cpp.o build/release/src~dos~dos.cpp.o build/release/src~dos~dos_devices.cpp.o build/release/src~dos~dos_execute.cpp.o build/release/src~dos~dos_files.cpp.o build/release/src~dos~dos_ioctl.cpp.o build/release/src~dos~dos_keyboard_layout.cpp.o build/release/src~dos~dos_memory.cpp.o build/release/src~dos~dos_misc.cpp.o build/release/src~dos~dos_mscdex.cpp.o build/release/src~dos~dos_programs.cpp.o build/release/src~dos~dos_tables.cpp.o build/release/src~dos~drive_cache.cpp.o build/release/src~dos~drive_fat.cpp.o build/release/src~dos~drive_iso.cpp.o build/release/src~dos~drive_local.cpp.o build/release/src~dos~drive_memory.cpp.o build/release/src~dos~drive_mirror.cpp.o build/release/src~dos~drive_overlay.cpp.o build/release/src~dos~drive_patch.cpp.o build/release/src~dos~drives.cpp.o build/release/src~dos~drive_union.cpp.o build/release/src~dos~drive_virtual.cpp.o build/release/src~dos~drive_zip.cpp.o build/release/src~fpu~fpu.cpp.o build/release/src~gui~midi.cpp.o build/release/src~gui~render.cpp.o build/release/src~gui~render_scalers.cpp.o build/release/src~hardware~adlib.cpp.o build/release/src~hardware~cmos.cpp.o build/release/src~hardware~dbopl.cpp.o build/release/src~hardware~disney.cpp.o build/release/src~hardware~dma.cpp.o build/release/src~hardware~gameblaster.cpp.o build/release/src~hardware~gus.cpp.o build/release/src~hardware~hardware.cpp.o build/release/src~hardware~ide.cpp.o build/release/src~hardware~iohandler.cpp.o build/release/src~hardware~joystick.cpp.o build/release/src~hardware~keyboard.cpp.o build/release/src~hardware~memory.cpp.o build/release/src~hardware~mixer.cpp.o build/release/src~hardware~mpu401.cpp.o build/release/src~hardware~nukedopl3.cpp.o build/release/src~hardware~pci_bus.cpp.o build/release/src~hardware~pcspeaker.cpp.o build/release/src~hardware~pic.cpp.o build/release/src~hardware~sblaster.cpp.o build/release/src~hardware~tandy_sound.cpp.o build/release/src~hardware~timer.cpp.o build/release/src~hardware~vga_attr.cpp.o build/release/src~hardware~vga.cpp.o build/release/src~hardware~vga_crtc.cpp.o build/release/src~hardware~vga_dac.cpp.o build/release/src~hardware~vga_draw.cpp.o build/release/src~hardware~vga_gfx.cpp.o build/release/src~hardware~vga_memory.cpp.o build/release/src~hardware~vga_misc.cpp.o build/release/src~hardware~vga_other.cpp.o build/release/src~hardware~vga_paradise.cpp.o build/release/src~hardware~vga_s3.cpp.o build/release/src~hardware~vga_seq.cpp.o build/release/src~hardware~vga_tseng.cpp.o build/release/src~hardware~vga_xga.cpp.o build/release/src~hardware~voodoo.cpp.o build/release/src~ints~bios.cpp.o build/release/src~ints~bios_disk.cpp.o build/release/src~ints~bios_keyboard.cpp.o build/release/src~ints~ems.cpp.o build/release/src~ints~int10_char.cpp.o build/release/src~ints~int10.cpp.o build/release/src~ints~int10_memory.cpp.o build/release/src~ints~int10_misc.cpp.o build/release/src~ints~int10_modes.cpp.o build/release/src~ints~int10_pal.cpp.o build/release/src~ints~int10_put_pixel.cpp.o build/release/src~ints~int10_vesa.cpp.o build/release/src~ints~int10_video_state.cpp.o build/release/src~ints~int10_vptable.cpp.o build/release/src~ints~mouse.cpp.o build/release/src~ints~xms.cpp.o build/release/src~misc~cross.cpp.o build/release/src~misc~messages.cpp.o build/release/src~misc~programs.cpp.o build/release/src~misc~setup.cpp.o build/release/src~misc~support.cpp.o build/release/src~shell~shell_batch.cpp.o build/release/src~shell~shell_cmds.cpp.o build/release/src~shell~shell.cpp.o build/release/src~shell~shell_misc.cpp.o build/release/src~hardware~mame~saa1099.cpp.o build/release/src~hardware~mame~sn76496.cpp.o build/release/src~hardware~serialport~serialdummy.cpp.o build/release/src~hardware~serialport~serialport.cpp.o
